TN:
SF:.eslintrc.js
FNF:0
FNH:0
DA:2,0
LF:1
LH:0
BRF:0
BRH:0
end_of_record
TN:
SF:App.js
FN:58,(anonymous_0)
FN:91,(anonymous_1)
FN:157,(anonymous_2)
FNF:3
FNH:0
FNDA:0,(anonymous_0)
FNDA:0,(anonymous_1)
FNDA:0,(anonymous_2)
DA:52,0
DA:53,0
DA:55,0
DA:56,0
DA:58,0
DA:90,0
DA:91,0
DA:98,0
DA:120,0
DA:121,0
DA:126,0
DA:157,0
LF:12
LH:0
BRDA:55,0,0,0
BRDA:55,0,1,0
BRDA:120,1,0,0
BRDA:120,1,1,0
BRDA:120,2,0,0
BRDA:120,2,1,0
BRDA:150,3,0,0
BRDA:150,3,1,0
BRF:8
BRH:0
end_of_record
TN:
SF:GlobalStyles.js
FNF:0
FNH:0
DA:2,0
DA:10,0
DA:27,0
DA:45,0
DA:69,0
LF:5
LH:0
BRF:0
BRH:0
end_of_record
TN:
SF:ReactotronConfig.js
FN:16,(anonymous_0)
FNF:1
FNH:0
FNDA:0,(anonymous_0)
DA:7,0
DA:14,0
DA:15,0
DA:16,0
LF:4
LH:0
BRF:0
BRH:0
end_of_record
TN:
SF:firebaseConfig.js
FNF:0
FNH:0
DA:9,0
DA:20,0
DA:21,0
LF:3
LH:0
BRF:0
BRH:0
end_of_record
TN:
SF:firebaseConfig2.js
FNF:0
FNH:0
LF:0
LH:0
BRF:0
BRH:0
end_of_record
TN:
SF:jestsssssssss.config.js
FNF:0
FNH:0
DA:1,0
LF:1
LH:0
BRF:0
BRH:0
end_of_record
TN:
SF:metro.config.js
FN:3,(anonymous_0)
FN:14,(anonymous_1)
FNF:2
FNH:0
FNDA:0,(anonymous_0)
FNDA:0,(anonymous_1)
DA:1,0
DA:3,0
DA:4,0
DA:6,0
DA:8,0
DA:12,0
DA:14,0
DA:18,0
DA:20,0
LF:9
LH:0
BRF:0
BRH:0
end_of_record
TN:
SF:components\Acordeon.js
FN:6,Acordeon
FNF:1
FNH:0
FNDA:0,Acordeon
DA:14,0
LF:1
LH:0
BRDA:43,0,0,0
BRDA:43,0,1,0
BRDA:49,1,0,0
BRDA:49,1,1,0
BRDA:57,2,0,0
BRDA:57,2,1,0
BRDA:66,3,0,0
BRDA:66,3,1,0
BRF:8
BRH:0
end_of_record
TN:
SF:components\CardInfoOffers.js
FN:5,(anonymous_0)
FN:9,(anonymous_1)
FN:24,(anonymous_2)
FN:30,(anonymous_3)
FN:34,(anonymous_4)
FNF:5
FNH:0
FNDA:0,(anonymous_0)
FNDA:0,(anonymous_1)
FNDA:0,(anonymous_2)
FNDA:0,(anonymous_3)
FNDA:0,(anonymous_4)
DA:5,0
DA:6,0
DA:7,0
DA:9,0
DA:10,0
DA:11,0
DA:13,0
DA:14,0
DA:15,0
DA:16,0
DA:17,0
DA:18,0
DA:20,0
DA:24,0
DA:25,0
DA:26,0
DA:30,0
DA:31,0
DA:34,0
DA:35,0
DA:36,0
DA:37,0
DA:40,0
DA:95,0
LF:24
LH:0
BRDA:13,0,0,0
BRDA:13,0,1,0
BRDA:25,1,0,0
BRDA:25,1,1,0
BRDA:31,2,0,0
BRDA:31,2,1,0
BRDA:45,3,0,0
BRDA:45,3,1,0
BRDA:45,4,0,0
BRDA:45,4,1,0
BRDA:45,4,2,0
BRDA:51,5,0,0
BRDA:51,5,1,0
BRDA:54,6,0,0
BRDA:54,6,1,0
BRDA:54,7,0,0
BRDA:54,7,1,0
BRDA:57,8,0,0
BRDA:57,8,1,0
BRDA:60,9,0,0
BRDA:60,9,1,0
BRDA:79,10,0,0
BRDA:79,10,1,0
BRDA:81,11,0,0
BRDA:81,11,1,0
BRDA:81,12,0,0
BRDA:81,12,1,0
BRF:27
BRH:0
end_of_record
TN:
SF:components\CardInfoPerfil.js
FN:5,(anonymous_0)
FNF:1
FNH:0
FNDA:0,(anonymous_0)
DA:5,0
DA:6,0
DA:14,0
LF:3
LH:0
BRF:0
BRH:0
end_of_record
TN:
SF:components\Carousel.js
FN:35,Carousel
FN:53,(anonymous_1)
FN:60,(anonymous_2)
FN:61,(anonymous_3)
FN:62,(anonymous_4)
FN:78,(anonymous_5)
FN:82,(anonymous_6)
FN:90,(anonymous_7)
FN:96,(anonymous_8)
FN:99,(anonymous_9)
FN:108,(anonymous_10)
FN:113,(anonymous_11)
FN:164,(anonymous_12)
FN:174,(anonymous_13)
FN:180,(anonymous_14)
FN:181,(anonymous_15)
FN:193,(anonymous_16)
FN:216,(anonymous_17)
FN:229,(anonymous_18)
FN:246,(anonymous_19)
FN:254,(anonymous_20)
FN:262,(anonymous_21)
FN:270,(anonymous_22)
FN:303,(anonymous_23)
FN:309,(anonymous_24)
FN:313,(anonymous_25)
FN:323,(anonymous_26)
FN:351,(anonymous_27)
FN:408,(anonymous_28)
FN:445,(anonymous_29)
FN:470,(anonymous_30)
FN:473,(anonymous_31)
FN:518,(anonymous_32)
FN:533,(anonymous_33)
FN:621,(anonymous_34)
FN:647,(anonymous_35)
FN:653,(anonymous_36)
FN:658,(anonymous_37)
FN:678,(anonymous_38)
FNF:39
FNH:0
FNDA:0,Carousel
FNDA:0,(anonymous_1)
FNDA:0,(anonymous_2)
FNDA:0,(anonymous_3)
FNDA:0,(anonymous_4)
FNDA:0,(anonymous_5)
FNDA:0,(anonymous_6)
FNDA:0,(anonymous_7)
FNDA:0,(anonymous_8)
FNDA:0,(anonymous_9)
FNDA:0,(anonymous_10)
FNDA:0,(anonymous_11)
FNDA:0,(anonymous_12)
FNDA:0,(anonymous_13)
FNDA:0,(anonymous_14)
FNDA:0,(anonymous_15)
FNDA:0,(anonymous_16)
FNDA:0,(anonymous_17)
FNDA:0,(anonymous_18)
FNDA:0,(anonymous_19)
FNDA:0,(anonymous_20)
FNDA:0,(anonymous_21)
FNDA:0,(anonymous_22)
FNDA:0,(anonymous_23)
FNDA:0,(anonymous_24)
FNDA:0,(anonymous_25)
FNDA:0,(anonymous_26)
FNDA:0,(anonymous_27)
FNDA:0,(anonymous_28)
FNDA:0,(anonymous_29)
FNDA:0,(anonymous_30)
FNDA:0,(anonymous_31)
FNDA:0,(anonymous_32)
FNDA:0,(anonymous_33)
FNDA:0,(anonymous_34)
FNDA:0,(anonymous_35)
FNDA:0,(anonymous_36)
FNDA:0,(anonymous_37)
FNDA:0,(anonymous_38)
DA:51,0
DA:52,0
DA:53,0
DA:54,0
DA:55,0
DA:59,0
DA:60,0
DA:61,0
DA:62,0
DA:64,0
DA:65,0
DA:66,0
DA:67,0
DA:68,0
DA:69,0
DA:70,0
DA:72,0
DA:74,0
DA:76,0
DA:78,0
DA:79,0
DA:82,0
DA:84,0
DA:85,0
DA:87,0
DA:90,0
DA:91,0
DA:96,0
DA:99,0
DA:101,0
DA:102,0
DA:103,0
DA:105,0
DA:108,0
DA:109,0
DA:111,0
DA:113,0
DA:114,0
DA:116,0
DA:118,0
DA:123,0
DA:130,0
DA:132,0
DA:152,0
DA:154,0
DA:155,0
DA:156,0
DA:157,0
DA:159,0
DA:160,0
DA:161,0
DA:162,0
DA:164,0
DA:165,0
DA:167,0
DA:169,0
DA:171,0
DA:174,0
DA:175,0
DA:176,0
DA:181,0
DA:182,0
DA:183,0
DA:185,0
DA:186,0
DA:188,0
DA:193,0
DA:194,0
DA:216,0
DA:229,0
DA:246,0
DA:247,0
DA:254,0
DA:262,0
DA:270,0
DA:303,0
DA:304,0
DA:305,0
DA:306,0
DA:309,0
DA:310,0
DA:313,0
DA:314,0
DA:315,0
DA:317,0
DA:321,0
DA:324,0
DA:325,0
DA:328,0
DA:329,0
DA:333,0
DA:334,0
DA:335,0
DA:340,0
DA:352,0
DA:353,0
DA:354,0
DA:355,0
DA:357,0
DA:358,0
DA:361,0
DA:362,0
DA:364,0
DA:365,0
DA:409,0
DA:410,0
DA:446,0
DA:447,0
DA:471,0
DA:474,0
DA:475,0
DA:519,0
DA:533,0
DA:621,0
DA:647,0
DA:653,0
DA:658,0
DA:678,0
DA:690,0
LF:119
LH:0
BRDA:84,0,0,0
BRDA:84,0,1,0
BRDA:85,1,0,0
BRDA:85,1,1,0
BRDA:101,2,0,0
BRDA:101,2,1,0
BRDA:114,3,0,0
BRDA:114,3,1,0
BRDA:130,4,0,0
BRDA:130,4,1,0
BRDA:146,5,0,0
BRDA:146,5,1,0
BRDA:167,6,0,0
BRDA:167,6,1,0
BRDA:205,7,0,0
BRDA:205,7,1,0
BRDA:249,8,0,0
BRDA:249,8,1,0
BRDA:249,9,0,0
BRDA:249,9,1,0
BRDA:292,10,0,0
BRDA:292,10,1,0
BRDA:314,11,0,0
BRDA:314,11,1,0
BRDA:317,12,0,0
BRDA:317,12,1,0
BRDA:317,12,2,0
BRDA:317,12,3,0
BRDA:317,12,4,0
BRDA:317,12,5,0
BRDA:325,13,0,0
BRDA:325,13,1,0
BRDA:352,14,0,0
BRDA:352,14,1,0
BRDA:353,15,0,0
BRDA:353,15,1,0
BRDA:361,16,0,0
BRDA:361,16,1,0
BRDA:380,17,0,0
BRDA:380,17,1,0
BRDA:388,18,0,0
BRDA:388,18,1,0
BRDA:487,19,0,0
BRDA:487,19,1,0
BRDA:487,19,2,0
BRDA:514,20,0,0
BRDA:514,20,1,0
BRDA:517,21,0,0
BRDA:517,21,1,0
BRDA:523,22,0,0
BRDA:523,22,1,0
BRDA:531,23,0,0
BRDA:531,23,1,0
BRDA:600,24,0,0
BRDA:600,24,1,0
BRDA:606,25,0,0
BRDA:606,25,1,0
BRDA:606,26,0,0
BRDA:606,26,1,0
BRDA:613,27,0,0
BRDA:613,27,1,0
BRDA:627,28,0,0
BRDA:627,28,1,0
BRF:63
BRH:0
end_of_record
TN:
SF:components\Chat.js
FN:6,(anonymous_0)
FNF:1
FNH:0
FNDA:0,(anonymous_0)
DA:6,0
DA:7,0
LF:2
LH:0
BRDA:10,0,0,0
BRDA:10,0,1,0
BRDA:15,1,0,0
BRDA:15,1,1,0
BRDA:52,2,0,0
BRDA:52,2,1,0
BRF:6
BRH:0
end_of_record
TN:
SF:components\CirclePerfilClub.js
FN:5,(anonymous_0)
FNF:1
FNH:0
FNDA:0,(anonymous_0)
DA:5,0
DA:6,0
DA:63,0
LF:3
LH:0
BRF:0
BRH:0
end_of_record
TN:
SF:components\CircleSkills.js
FN:5,(anonymous_0)
FNF:1
FNH:0
FNDA:0,(anonymous_0)
DA:5,0
DA:6,0
DA:14,0
LF:3
LH:0
BRF:0
BRH:0
end_of_record
TN:
SF:components\CommentsMuro.js
FN:5,(anonymous_0)
FNF:1
FNH:0
FNDA:0,(anonymous_0)
DA:5,0
DA:6,0
DA:13,0
LF:3
LH:0
BRF:0
BRH:0
end_of_record
TN:
SF:components\CustomHeaderBack.js
FN:7,(anonymous_0)
FNF:1
FNH:0
FNDA:0,(anonymous_0)
DA:7,0
DA:8,0
DA:22,0
LF:3
LH:0
BRF:0
BRH:0
end_of_record
TN:
SF:components\DeportesSeleccion.js
FN:14,(anonymous_0)
FN:16,(anonymous_1)
FNF:2
FNH:0
FNDA:0,(anonymous_0)
FNDA:0,(anonymous_1)
DA:14,0
DA:15,0
DA:16,0
DA:17,0
DA:18,0
DA:21,0
DA:108,0
LF:7
LH:0
BRDA:25,0,0,0
BRDA:25,0,1,0
BRDA:30,1,0,0
BRDA:30,1,1,0
BRDA:36,2,0,0
BRDA:36,2,1,0
BRDA:41,3,0,0
BRDA:41,3,1,0
BRDA:47,4,0,0
BRDA:47,4,1,0
BRDA:52,5,0,0
BRDA:52,5,1,0
BRDA:58,6,0,0
BRDA:58,6,1,0
BRDA:63,7,0,0
BRDA:63,7,1,0
BRDA:69,8,0,0
BRDA:69,8,1,0
BRDA:74,9,0,0
BRDA:74,9,1,0
BRDA:80,10,0,0
BRDA:80,10,1,0
BRDA:85,11,0,0
BRDA:85,11,1,0
BRDA:92,12,0,0
BRDA:92,12,1,0
BRDA:94,13,0,0
BRDA:94,13,1,0
BRDA:96,14,0,0
BRDA:96,14,1,0
BRDA:98,15,0,0
BRDA:98,15,1,0
BRF:32
BRH:0
end_of_record
TN:
SF:components\DetallesSeleccion.js
FN:14,(anonymous_0)
FN:25,(anonymous_1)
FN:35,(anonymous_2)
FN:37,(anonymous_3)
FN:41,(anonymous_4)
FN:45,(anonymous_5)
FN:50,(anonymous_6)
FN:54,(anonymous_7)
FN:59,(anonymous_8)
FN:67,(anonymous_9)
FN:68,(anonymous_10)
FN:160,(anonymous_11)
FN:173,(anonymous_12)
FN:187,(anonymous_13)
FN:195,(anonymous_14)
FNF:15
FNH:0
FNDA:0,(anonymous_0)
FNDA:0,(anonymous_1)
FNDA:0,(anonymous_2)
FNDA:0,(anonymous_3)
FNDA:0,(anonymous_4)
FNDA:0,(anonymous_5)
FNDA:0,(anonymous_6)
FNDA:0,(anonymous_7)
FNDA:0,(anonymous_8)
FNDA:0,(anonymous_9)
FNDA:0,(anonymous_10)
FNDA:0,(anonymous_11)
FNDA:0,(anonymous_12)
FNDA:0,(anonymous_13)
FNDA:0,(anonymous_14)
DA:14,0
DA:23,0
DA:24,0
DA:25,0
DA:26,0
DA:27,0
DA:29,0
DA:30,0
DA:31,0
DA:32,0
DA:34,0
DA:35,0
DA:37,0
DA:38,0
DA:41,0
DA:42,0
DA:45,0
DA:46,0
DA:47,0
DA:50,0
DA:51,0
DA:54,0
DA:55,0
DA:56,0
DA:59,0
DA:60,0
DA:61,0
DA:67,0
DA:68,0
DA:76,0
DA:160,0
DA:173,0
DA:187,0
DA:196,0
DA:197,0
DA:208,0
LF:36
LH:0
BRDA:97,0,0,0
BRDA:97,0,1,0
BRDA:102,1,0,0
BRDA:102,1,1,0
BRDA:138,2,0,0
BRDA:138,2,1,0
BRDA:138,3,0,0
BRDA:138,3,1,0
BRDA:144,4,0,0
BRDA:144,4,1,0
BRDA:191,5,0,0
BRDA:191,5,1,0
BRF:12
BRH:0
end_of_record
TN:
SF:components\Feed.js
FN:21,(anonymous_0)
FN:28,(anonymous_1)
FN:30,(anonymous_2)
FN:33,(anonymous_3)
FN:36,(anonymous_4)
FN:39,(anonymous_5)
FN:49,(anonymous_6)
FN:53,(anonymous_7)
FN:57,(anonymous_8)
FN:59,(anonymous_9)
FN:65,(anonymous_10)
FN:128,(anonymous_11)
FN:160,(anonymous_12)
FN:173,(anonymous_13)
FNF:14
FNH:0
FNDA:0,(anonymous_0)
FNDA:0,(anonymous_1)
FNDA:0,(anonymous_2)
FNDA:0,(anonymous_3)
FNDA:0,(anonymous_4)
FNDA:0,(anonymous_5)
FNDA:0,(anonymous_6)
FNDA:0,(anonymous_7)
FNDA:0,(anonymous_8)
FNDA:0,(anonymous_9)
FNDA:0,(anonymous_10)
FNDA:0,(anonymous_11)
FNDA:0,(anonymous_12)
FNDA:0,(anonymous_13)
DA:21,0
DA:22,0
DA:23,0
DA:25,0
DA:26,0
DA:27,0
DA:28,0
DA:29,0
DA:30,0
DA:31,0
DA:33,0
DA:34,0
DA:35,0
DA:36,0
DA:38,0
DA:39,0
DA:42,0
DA:44,0
DA:45,0
DA:49,0
DA:50,0
DA:53,0
DA:54,0
DA:57,0
DA:58,0
DA:60,0
DA:61,0
DA:62,0
DA:66,0
DA:121,0
DA:128,0
DA:161,0
DA:162,0
DA:166,0
DA:167,0
DA:171,0
DA:173,0
DA:179,0
DA:180,0
DA:181,0
LF:40
LH:0
BRDA:34,0,0,0
BRDA:34,0,1,0
BRDA:36,1,0,0
BRDA:36,1,1,0
BRDA:39,2,0,0
BRDA:39,2,1,0
BRDA:44,3,0,0
BRDA:44,3,1,0
BRDA:60,4,0,0
BRDA:60,4,1,0
BRDA:71,5,0,0
BRDA:71,5,1,0
BRDA:90,6,0,0
BRDA:90,6,1,0
BRDA:123,7,0,0
BRDA:123,7,1,0
BRDA:146,8,0,0
BRDA:146,8,1,0
BRDA:152,9,0,0
BRDA:152,9,1,0
BRDA:156,10,0,0
BRDA:156,10,1,0
BRDA:156,11,0,0
BRDA:156,11,1,0
BRDA:161,12,0,0
BRDA:161,12,1,0
BRDA:166,13,0,0
BRDA:166,13,1,0
BRF:28
BRH:0
end_of_record
TN:
SF:components\FeedStats.js
FN:11,(anonymous_0)
FN:15,(anonymous_1)
FN:17,(anonymous_2)
FN:21,(anonymous_3)
FN:36,(anonymous_4)
FN:216,(anonymous_5)
FNF:6
FNH:0
FNDA:0,(anonymous_0)
FNDA:0,(anonymous_1)
FNDA:0,(anonymous_2)
FNDA:0,(anonymous_3)
FNDA:0,(anonymous_4)
FNDA:0,(anonymous_5)
DA:11,0
DA:12,0
DA:13,0
DA:14,0
DA:15,0
DA:17,0
DA:18,0
DA:21,0
DA:22,0
DA:23,0
DA:24,0
DA:25,0
DA:26,0
DA:27,0
DA:28,0
DA:29,0
DA:30,0
DA:31,0
DA:32,0
DA:33,0
DA:36,0
DA:37,0
DA:38,0
DA:41,0
DA:43,0
DA:45,0
DA:46,0
DA:217,0
DA:441,0
LF:29
LH:0
BRDA:22,0,0,0
BRDA:22,0,1,0
BRDA:24,1,0,0
BRDA:24,1,1,0
BRDA:26,2,0,0
BRDA:26,2,1,0
BRDA:28,3,0,0
BRDA:28,3,1,0
BRDA:30,4,0,0
BRDA:30,4,1,0
BRDA:32,5,0,0
BRDA:32,5,1,0
BRDA:38,6,0,0
BRDA:38,6,1,0
BRDA:41,7,0,0
BRDA:41,7,1,0
BRDA:45,8,0,0
BRDA:45,8,1,0
BRDA:62,9,0,0
BRDA:62,9,1,0
BRDA:88,10,0,0
BRDA:88,10,1,0
BRDA:107,11,0,0
BRDA:107,11,1,0
BRDA:133,12,0,0
BRDA:133,12,1,0
BRDA:149,13,0,0
BRDA:149,13,1,0
BRDA:173,14,0,0
BRDA:173,14,1,0
BRDA:191,15,0,0
BRDA:191,15,1,0
BRDA:207,16,0,0
BRDA:207,16,1,0
BRDA:215,17,0,0
BRDA:215,17,1,0
BRDA:239,18,0,0
BRDA:239,18,1,0
BRDA:257,19,0,0
BRDA:257,19,1,0
BRDA:269,20,0,0
BRDA:269,20,1,0
BRDA:281,21,0,0
BRDA:281,21,1,0
BRDA:297,22,0,0
BRDA:297,22,1,0
BRDA:311,23,0,0
BRDA:311,23,1,0
BRDA:327,24,0,0
BRDA:327,24,1,0
BRDA:341,25,0,0
BRDA:341,25,1,0
BRDA:360,26,0,0
BRDA:360,26,1,0
BRDA:390,27,0,0
BRDA:390,27,1,0
BRDA:402,28,0,0
BRDA:402,28,1,0
BRDA:433,29,0,0
BRDA:433,29,1,0
BRF:60
BRH:0
end_of_record
TN:
SF:components\FiltersHome.js
FN:7,(anonymous_0)
FN:17,(anonymous_1)
FN:32,(anonymous_2)
FN:41,(anonymous_3)
FNF:4
FNH:0
FNDA:0,(anonymous_0)
FNDA:0,(anonymous_1)
FNDA:0,(anonymous_2)
FNDA:0,(anonymous_3)
DA:7,0
DA:15,0
DA:17,0
DA:19,0
DA:32,0
DA:42,0
DA:61,0
LF:7
LH:0
BRDA:34,0,0,0
BRDA:34,0,1,0
BRDA:42,1,0,0
BRDA:42,1,1,0
BRF:4
BRH:0
end_of_record
TN:
SF:components\FiltersSportman.js
FN:6,(anonymous_0)
FN:31,(anonymous_1)
FN:32,(anonymous_2)
FN:35,(anonymous_3)
FN:42,(anonymous_4)
FN:45,(anonymous_5)
FN:50,(anonymous_6)
FN:53,(anonymous_7)
FN:65,(anonymous_8)
FN:68,(anonymous_9)
FN:76,(anonymous_10)
FN:88,(anonymous_11)
FN:91,(anonymous_12)
FN:96,(anonymous_13)
FN:99,(anonymous_14)
FN:141,(anonymous_15)
FN:189,(anonymous_16)
FN:259,(anonymous_17)
FN:261,(anonymous_18)
FN:264,(anonymous_19)
FN:317,(anonymous_20)
FN:318,(anonymous_21)
FNF:22
FNH:0
FNDA:0,(anonymous_0)
FNDA:0,(anonymous_1)
FNDA:0,(anonymous_2)
FNDA:0,(anonymous_3)
FNDA:0,(anonymous_4)
FNDA:0,(anonymous_5)
FNDA:0,(anonymous_6)
FNDA:0,(anonymous_7)
FNDA:0,(anonymous_8)
FNDA:0,(anonymous_9)
FNDA:0,(anonymous_10)
FNDA:0,(anonymous_11)
FNDA:0,(anonymous_12)
FNDA:0,(anonymous_13)
FNDA:0,(anonymous_14)
FNDA:0,(anonymous_15)
FNDA:0,(anonymous_16)
FNDA:0,(anonymous_17)
FNDA:0,(anonymous_18)
FNDA:0,(anonymous_19)
FNDA:0,(anonymous_20)
FNDA:0,(anonymous_21)
DA:6,0
DA:22,0
DA:31,0
DA:32,0
DA:33,0
DA:34,0
DA:35,0
DA:37,0
DA:42,0
DA:44,0
DA:45,0
DA:46,0
DA:50,0
DA:53,0
DA:54,0
DA:55,0
DA:56,0
DA:62,0
DA:65,0
DA:67,0
DA:68,0
DA:69,0
DA:73,0
DA:76,0
DA:77,0
DA:78,0
DA:79,0
DA:85,0
DA:88,0
DA:90,0
DA:91,0
DA:92,0
DA:96,0
DA:99,0
DA:100,0
DA:101,0
DA:102,0
DA:108,0
DA:111,0
DA:112,0
DA:142,0
DA:143,0
DA:144,0
DA:146,0
DA:147,0
DA:190,0
DA:191,0
DA:192,0
DA:194,0
DA:196,0
DA:229,0
DA:230,0
DA:260,0
DA:262,0
DA:263,0
DA:264,0
DA:265,0
DA:266,0
DA:318,0
DA:319,0
DA:330,0
LF:61
LH:0
BRDA:33,0,0,0
BRDA:33,0,1,0
BRDA:111,1,0,0
BRDA:111,1,1,0
BRDA:142,2,0,0
BRDA:142,2,1,0
BRDA:159,3,0,0
BRDA:159,3,1,0
BRDA:190,4,0,0
BRDA:190,4,1,0
BRDA:206,5,0,0
BRDA:206,5,1,0
BRDA:229,6,0,0
BRDA:229,6,1,0
BRDA:280,7,0,0
BRDA:280,7,1,0
BRDA:354,8,0,0
BRDA:354,8,1,0
BRF:18
BRH:0
end_of_record
TN:
SF:components\HeaderIcons.js
FN:12,(anonymous_0)
FN:14,(anonymous_1)
FN:15,(anonymous_2)
FN:126,(anonymous_3)
FN:145,(anonymous_4)
FNF:5
FNH:0
FNDA:0,(anonymous_0)
FNDA:0,(anonymous_1)
FNDA:0,(anonymous_2)
FNDA:0,(anonymous_3)
FNDA:0,(anonymous_4)
DA:12,0
DA:13,0
DA:14,0
DA:15,0
DA:17,0
DA:19,0
DA:21,0
DA:127,0
DA:128,0
DA:130,0
DA:131,0
DA:133,0
DA:146,0
DA:147,0
DA:149,0
DA:167,0
LF:16
LH:0
BRDA:34,0,0,0
BRDA:34,0,1,0
BRDA:45,1,0,0
BRDA:45,1,1,0
BRDA:56,2,0,0
BRDA:56,2,1,0
BRDA:67,3,0,0
BRDA:67,3,1,0
BRDA:78,4,0,0
BRDA:78,4,1,0
BRDA:89,5,0,0
BRDA:89,5,1,0
BRDA:100,6,0,0
BRDA:100,6,1,0
BRDA:127,7,0,0
BRDA:127,7,1,0
BRDA:130,8,0,0
BRDA:130,8,1,0
BRDA:137,9,0,0
BRDA:137,9,1,0
BRDA:146,10,0,0
BRDA:146,10,1,0
BRF:22
BRH:0
end_of_record
TN:
SF:components\IconsMuro.js
FN:16,(anonymous_0)
FN:27,(anonymous_1)
FN:28,(anonymous_2)
FN:30,(anonymous_3)
FN:35,(anonymous_4)
FN:70,(anonymous_5)
FN:101,(anonymous_6)
FN:148,(anonymous_7)
FN:162,(anonymous_8)
FN:169,(anonymous_9)
FN:180,(anonymous_10)
FNF:11
FNH:0
FNDA:0,(anonymous_0)
FNDA:0,(anonymous_1)
FNDA:0,(anonymous_2)
FNDA:0,(anonymous_3)
FNDA:0,(anonymous_4)
FNDA:0,(anonymous_5)
FNDA:0,(anonymous_6)
FNDA:0,(anonymous_7)
FNDA:0,(anonymous_8)
FNDA:0,(anonymous_9)
FNDA:0,(anonymous_10)
DA:16,0
DA:25,0
DA:27,0
DA:28,0
DA:30,0
DA:32,0
DA:33,0
DA:35,0
DA:36,0
DA:37,0
DA:38,0
DA:40,0
DA:70,0
DA:71,0
DA:72,0
DA:85,0
DA:86,0
DA:93,0
DA:97,0
DA:101,0
DA:102,0
DA:105,0
DA:107,0
DA:112,0
DA:119,0
DA:120,0
DA:140,0
DA:148,0
DA:149,0
DA:153,0
DA:162,0
DA:170,0
DA:180,0
DA:196,0
LF:34
LH:0
BRDA:36,0,0,0
BRDA:36,0,1,0
BRDA:85,1,0,0
BRDA:85,1,1,0
BRDA:86,2,0,0
BRDA:86,2,1,0
BRDA:93,3,0,0
BRDA:93,3,1,0
BRDA:102,4,0,0
BRDA:102,4,1,0
BRDA:119,5,0,0
BRDA:119,5,1,0
BRDA:134,6,0,0
BRDA:134,6,1,0
BRDA:184,7,0,0
BRDA:184,7,1,0
BRDA:184,7,2,0
BRF:17
BRH:0
end_of_record
TN:
SF:components\ImagesRender.js
FN:5,(anonymous_0)
FNF:1
FNH:0
FNDA:0,(anonymous_0)
DA:5,0
DA:6,0
DA:8,0
LF:3
LH:0
BRF:0
BRH:0
end_of_record
TN:
SF:components\Input.js
FN:8,Input
FN:75,(anonymous_1)
FN:93,(anonymous_2)
FNF:3
FNH:0
FNDA:0,Input
FNDA:0,(anonymous_1)
FNDA:0,(anonymous_2)
DA:30,0
DA:32,0
DA:76,0
DA:93,0
LF:4
LH:0
BRDA:54,0,0,0
BRDA:54,0,1,0
BRDA:60,1,0,0
BRDA:60,1,1,0
BRDA:68,2,0,0
BRDA:68,2,1,0
BRDA:69,3,0,0
BRDA:69,3,1,0
BRDA:71,4,0,0
BRDA:71,4,1,0
BRDA:72,5,0,0
BRDA:72,5,1,0
BRDA:74,6,0,0
BRDA:74,6,1,0
BRDA:76,7,0,0
BRDA:76,7,1,0
BRDA:81,8,0,0
BRDA:81,8,1,0
BRDA:81,9,0,0
BRDA:81,9,1,0
BRDA:81,9,2,0
BRDA:83,10,0,0
BRDA:83,10,1,0
BRDA:87,11,0,0
BRDA:87,11,1,0
BRDA:88,12,0,0
BRDA:88,12,1,0
BRDA:90,13,0,0
BRDA:90,13,1,0
BRDA:95,14,0,0
BRDA:95,14,1,0
BRDA:102,15,0,0
BRDA:102,15,1,0
BRDA:104,16,0,0
BRDA:104,16,1,0
BRDA:115,17,0,0
BRDA:115,17,1,0
BRF:37
BRH:0
end_of_record
TN:
SF:components\Lines.js
FN:6,(anonymous_0)
FN:9,(anonymous_1)
FN:10,setcolor
FNF:3
FNH:0
FNDA:0,(anonymous_0)
FNDA:0,(anonymous_1)
FNDA:0,setcolor
DA:6,0
DA:7,0
DA:9,0
DA:11,0
DA:12,0
DA:14,0
DA:15,0
DA:16,0
DA:18,0
DA:19,0
DA:20,0
DA:22,0
DA:23,0
DA:26,0
DA:29,0
LF:15
LH:0
BRDA:11,0,0,0
BRDA:11,0,1,0
BRDA:14,1,0,0
BRDA:14,1,1,0
BRDA:18,2,0,0
BRDA:18,2,1,0
BRDA:18,3,0,0
BRDA:18,3,1,0
BRDA:18,3,2,0
BRDA:19,4,0,0
BRDA:19,4,1,0
BRDA:42,5,0,0
BRDA:42,5,1,0
BRDA:43,6,0,0
BRDA:43,6,1,0
BRDA:43,7,0,0
BRDA:43,7,1,0
BRDA:50,8,0,0
BRDA:50,8,1,0
BRDA:51,9,0,0
BRDA:51,9,1,0
BRDA:51,10,0,0
BRDA:51,10,1,0
BRDA:58,11,0,0
BRDA:58,11,1,0
BRDA:59,12,0,0
BRDA:59,12,1,0
BRDA:59,13,0,0
BRDA:59,13,1,0
BRDA:63,14,0,0
BRDA:63,14,1,0
BRDA:63,14,2,0
BRDA:67,15,0,0
BRDA:67,15,1,0
BRF:34
BRH:0
end_of_record
TN:
SF:components\MatchDetailsInfo.js
FN:5,(anonymous_0)
FNF:1
FNH:0
FNDA:0,(anonymous_0)
DA:5,0
DA:6,0
DA:22,0
LF:3
LH:0
BRF:0
BRH:0
end_of_record
TN:
SF:components\MessagesChat.js
FN:23,(anonymous_0)
FN:36,(anonymous_1)
FN:37,(anonymous_2)
FN:38,(anonymous_3)
FN:55,(anonymous_4)
FN:56,(anonymous_5)
FN:62,(anonymous_6)
FN:72,(anonymous_7)
FN:78,(anonymous_8)
FN:93,(anonymous_9)
FN:97,(anonymous_10)
FN:131,(anonymous_11)
FN:153,(anonymous_12)
FN:269,(anonymous_13)
FN:295,(anonymous_14)
FN:300,(anonymous_15)
FN:306,(anonymous_16)
FN:308,(anonymous_17)
FN:313,(anonymous_18)
FN:318,(anonymous_19)
FN:325,(anonymous_20)
FN:351,(anonymous_21)
FN:370,(anonymous_22)
FN:371,(anonymous_23)
FNF:24
FNH:0
FNDA:0,(anonymous_0)
FNDA:0,(anonymous_1)
FNDA:0,(anonymous_2)
FNDA:0,(anonymous_3)
FNDA:0,(anonymous_4)
FNDA:0,(anonymous_5)
FNDA:0,(anonymous_6)
FNDA:0,(anonymous_7)
FNDA:0,(anonymous_8)
FNDA:0,(anonymous_9)
FNDA:0,(anonymous_10)
FNDA:0,(anonymous_11)
FNDA:0,(anonymous_12)
FNDA:0,(anonymous_13)
FNDA:0,(anonymous_14)
FNDA:0,(anonymous_15)
FNDA:0,(anonymous_16)
FNDA:0,(anonymous_17)
FNDA:0,(anonymous_18)
FNDA:0,(anonymous_19)
FNDA:0,(anonymous_20)
FNDA:0,(anonymous_21)
FNDA:0,(anonymous_22)
FNDA:0,(anonymous_23)
DA:23,0
DA:35,0
DA:36,0
DA:37,0
DA:38,0
DA:39,0
DA:48,0
DA:49,0
DA:50,0
DA:53,0
DA:54,0
DA:55,0
DA:56,0
DA:58,0
DA:59,0
DA:60,0
DA:62,0
DA:63,0
DA:64,0
DA:72,0
DA:73,0
DA:78,0
DA:79,0
DA:80,0
DA:81,0
DA:82,0
DA:83,0
DA:84,0
DA:86,0
DA:87,0
DA:89,0
DA:93,0
DA:94,0
DA:95,0
DA:97,0
DA:101,0
DA:102,0
DA:131,0
DA:141,0
DA:143,0
DA:154,0
DA:155,0
DA:156,0
DA:269,0
DA:296,0
DA:301,0
DA:307,0
DA:309,0
DA:312,0
DA:314,0
DA:317,0
DA:318,0
DA:321,0
DA:322,0
DA:324,0
DA:325,0
DA:328,0
DA:352,0
DA:370,0
DA:371,0
DA:373,0
LF:61
LH:0
BRDA:51,0,0,0
BRDA:51,0,1,0
BRDA:94,1,0,0
BRDA:94,1,1,0
BRDA:141,2,0,0
BRDA:141,2,1,0
BRDA:141,3,0,0
BRDA:141,3,1,0
BRDA:184,4,0,0
BRDA:184,4,1,0
BRDA:184,5,0,0
BRDA:184,5,1,0
BRDA:203,6,0,0
BRDA:203,6,1,0
BRDA:209,7,0,0
BRDA:209,7,1,0
BRDA:210,8,0,0
BRDA:210,8,1,0
BRDA:268,9,0,0
BRDA:268,9,1,0
BRDA:287,10,0,0
BRDA:287,10,1,0
BRDA:293,11,0,0
BRDA:293,11,1,0
BRDA:293,11,2,0
BRDA:293,11,3,0
BRDA:296,12,0,0
BRDA:296,12,1,0
BRDA:301,13,0,0
BRDA:301,13,1,0
BRDA:301,13,2,0
BRDA:309,14,0,0
BRDA:309,14,1,0
BRDA:314,15,0,0
BRDA:314,15,1,0
BRDA:321,16,0,0
BRDA:321,16,1,0
BRF:37
BRH:0
end_of_record
TN:
SF:components\ModalOptionOffers.js
FN:15,(anonymous_0)
FN:40,(anonymous_1)
FN:57,(anonymous_2)
FN:72,(anonymous_3)
FN:77,(anonymous_4)
FN:86,(anonymous_5)
FN:91,(anonymous_6)
FN:102,(anonymous_7)
FN:112,(anonymous_8)
FN:126,(anonymous_9)
FN:143,(anonymous_10)
FN:154,(anonymous_11)
FNF:12
FNH:0
FNDA:0,(anonymous_0)
FNDA:0,(anonymous_1)
FNDA:0,(anonymous_2)
FNDA:0,(anonymous_3)
FNDA:0,(anonymous_4)
FNDA:0,(anonymous_5)
FNDA:0,(anonymous_6)
FNDA:0,(anonymous_7)
FNDA:0,(anonymous_8)
FNDA:0,(anonymous_9)
FNDA:0,(anonymous_10)
FNDA:0,(anonymous_11)
DA:15,0
DA:28,0
DA:29,0
DA:31,0
DA:33,0
DA:34,0
DA:41,0
DA:42,0
DA:58,0
DA:59,0
DA:67,0
DA:68,0
DA:73,0
DA:74,0
DA:75,0
DA:77,0
DA:87,0
DA:88,0
DA:89,0
DA:91,0
DA:103,0
DA:104,0
DA:113,0
DA:114,0
DA:122,0
DA:127,0
DA:128,0
DA:144,0
DA:145,0
DA:155,0
DA:156,0
DA:170,0
LF:32
LH:0
BRDA:33,0,0,0
BRDA:33,0,1,0
BRDA:36,1,0,0
BRDA:36,1,1,0
BRDA:67,2,0,0
BRDA:67,2,1,0
BRDA:70,3,0,0
BRDA:70,3,1,0
BRDA:70,4,0,0
BRDA:70,4,1,0
BRF:10
BRH:0
end_of_record
TN:
SF:components\MoreDetailsAboutMe.js
FN:5,(anonymous_0)
FNF:1
FNH:0
FNDA:0,(anonymous_0)
DA:5,0
DA:6,0
DA:14,0
LF:3
LH:0
BRF:0
BRH:0
end_of_record
TN:
SF:components\NavBarInferior.js
FN:37,(anonymous_0)
FN:38,(anonymous_1)
FN:48,(anonymous_2)
FN:49,(anonymous_3)
FN:50,(anonymous_4)
FN:51,(anonymous_5)
FN:53,(anonymous_6)
FN:65,(anonymous_7)
FN:78,(anonymous_8)
FN:92,(anonymous_9)
FN:245,(anonymous_10)
FN:287,(anonymous_11)
FN:329,(anonymous_12)
FN:330,(anonymous_13)
FN:334,(anonymous_14)
FN:340,(anonymous_15)
FN:366,(anonymous_16)
FN:425,(anonymous_17)
FN:436,(anonymous_18)
FN:437,(anonymous_19)
FN:438,(anonymous_20)
FN:439,(anonymous_21)
FN:442,(anonymous_22)
FN:449,(anonymous_23)
FN:455,(anonymous_24)
FN:487,(anonymous_25)
FN:507,(anonymous_26)
FN:524,(anonymous_27)
FN:535,(anonymous_28)
FN:559,(anonymous_29)
FN:573,(anonymous_30)
FN:583,(anonymous_31)
FN:618,(anonymous_32)
FNF:33
FNH:0
FNDA:0,(anonymous_0)
FNDA:0,(anonymous_1)
FNDA:0,(anonymous_2)
FNDA:0,(anonymous_3)
FNDA:0,(anonymous_4)
FNDA:0,(anonymous_5)
FNDA:0,(anonymous_6)
FNDA:0,(anonymous_7)
FNDA:0,(anonymous_8)
FNDA:0,(anonymous_9)
FNDA:0,(anonymous_10)
FNDA:0,(anonymous_11)
FNDA:0,(anonymous_12)
FNDA:0,(anonymous_13)
FNDA:0,(anonymous_14)
FNDA:0,(anonymous_15)
FNDA:0,(anonymous_16)
FNDA:0,(anonymous_17)
FNDA:0,(anonymous_18)
FNDA:0,(anonymous_19)
FNDA:0,(anonymous_20)
FNDA:0,(anonymous_21)
FNDA:0,(anonymous_22)
FNDA:0,(anonymous_23)
FNDA:0,(anonymous_24)
FNDA:0,(anonymous_25)
FNDA:0,(anonymous_26)
FNDA:0,(anonymous_27)
FNDA:0,(anonymous_28)
FNDA:0,(anonymous_29)
FNDA:0,(anonymous_30)
FNDA:0,(anonymous_31)
FNDA:0,(anonymous_32)
DA:34,0
DA:35,0
DA:37,0
DA:38,0
DA:40,0
DA:43,0
DA:45,0
DA:46,0
DA:47,0
DA:48,0
DA:49,0
DA:50,0
DA:51,0
DA:52,0
DA:53,0
DA:54,0
DA:55,0
DA:57,0
DA:61,0
DA:65,0
DA:66,0
DA:67,0
DA:69,0
DA:70,0
DA:72,0
DA:74,0
DA:76,0
DA:80,0
DA:93,0
DA:94,0
DA:105,0
DA:106,0
DA:117,0
DA:118,0
DA:148,0
DA:149,0
DA:208,0
DA:209,0
DA:246,0
DA:288,0
DA:329,0
DA:330,0
DA:334,0
DA:341,0
DA:367,0
DA:425,0
DA:432,0
DA:433,0
DA:434,0
DA:435,0
DA:436,0
DA:437,0
DA:438,0
DA:439,0
DA:440,0
DA:442,0
DA:444,0
DA:445,0
DA:449,0
DA:450,0
DA:455,0
DA:456,0
DA:457,0
DA:459,0
DA:460,0
DA:462,0
DA:463,0
DA:465,0
DA:466,0
DA:468,0
DA:469,0
DA:471,0
DA:473,0
DA:475,0
DA:476,0
DA:478,0
DA:481,0
DA:483,0
DA:487,0
DA:488,0
DA:489,0
DA:491,0
DA:492,0
DA:494,0
DA:496,0
DA:500,0
DA:504,0
DA:508,0
DA:509,0
DA:511,0
DA:513,0
DA:524,0
DA:535,0
DA:559,0
DA:574,0
DA:575,0
DA:576,0
DA:577,0
DA:578,0
DA:580,0
DA:583,0
DA:618,0
DA:649,0
LF:103
LH:0
BRDA:54,0,0,0
BRDA:54,0,1,0
BRDA:61,1,0,0
BRDA:61,1,1,0
BRDA:66,2,0,0
BRDA:66,2,1,0
BRDA:69,3,0,0
BRDA:69,3,1,0
BRDA:88,4,0,0
BRDA:88,4,1,0
BRDA:88,5,0,0
BRDA:88,5,1,0
BRDA:93,6,0,0
BRDA:93,6,1,0
BRDA:97,7,0,0
BRDA:97,7,1,0
BRDA:105,8,0,0
BRDA:105,8,1,0
BRDA:109,9,0,0
BRDA:109,9,1,0
BRDA:117,10,0,0
BRDA:117,10,1,0
BRDA:148,11,0,0
BRDA:148,11,1,0
BRDA:152,12,0,0
BRDA:152,12,1,0
BRDA:160,13,0,0
BRDA:160,13,1,0
BRDA:208,14,0,0
BRDA:208,14,1,0
BRDA:213,15,0,0
BRDA:213,15,1,0
BRDA:218,16,0,0
BRDA:218,16,1,0
BRDA:218,16,2,0
BRDA:225,17,0,0
BRDA:225,17,1,0
BRDA:225,17,2,0
BRDA:321,18,0,0
BRDA:321,18,1,0
BRDA:329,19,0,0
BRDA:329,19,1,0
BRDA:334,20,0,0
BRDA:334,20,1,0
BRDA:371,21,0,0
BRDA:371,21,1,0
BRDA:444,22,0,0
BRDA:444,22,1,0
BRDA:457,23,0,0
BRDA:457,23,1,0
BRDA:457,23,2,0
BRDA:457,23,3,0
BRDA:457,23,4,0
BRDA:465,24,0,0
BRDA:465,24,1,0
BRDA:468,25,0,0
BRDA:468,25,1,0
BRDA:475,26,0,0
BRDA:475,26,1,0
BRDA:488,27,0,0
BRDA:488,27,1,0
BRDA:491,28,0,0
BRDA:491,28,1,0
BRDA:500,29,0,0
BRDA:500,29,1,0
BRDA:508,30,0,0
BRDA:508,30,1,0
BRDA:516,31,0,0
BRDA:516,31,1,0
BRDA:526,32,0,0
BRDA:526,32,1,0
BRDA:561,33,0,0
BRDA:561,33,1,0
BRDA:569,34,0,0
BRDA:569,34,1,0
BRDA:571,35,0,0
BRDA:571,35,1,0
BRDA:571,35,2,0
BRDA:574,36,0,0
BRDA:574,36,1,0
BRDA:577,37,0,0
BRDA:577,37,1,0
BRDA:596,38,0,0
BRDA:596,38,1,0
BRDA:620,39,0,0
BRDA:620,39,1,0
BRDA:625,40,0,0
BRDA:625,40,1,0
BRDA:625,40,2,0
BRDA:632,41,0,0
BRDA:632,41,1,0
BRDA:632,41,2,0
BRF:92
BRH:0
end_of_record
TN:
SF:components\Notifications.js
FN:33,(anonymous_0)
FN:44,(anonymous_1)
FN:55,formatDate
FN:72,(anonymous_3)
FN:80,(anonymous_4)
FN:85,(anonymous_5)
FN:229,(anonymous_6)
FN:236,(anonymous_7)
FN:260,(anonymous_8)
FN:354,(anonymous_9)
FN:357,(anonymous_10)
FN:360,(anonymous_11)
FN:412,(anonymous_12)
FN:421,(anonymous_13)
FN:429,(anonymous_14)
FN:433,(anonymous_15)
FNF:16
FNH:0
FNDA:0,(anonymous_0)
FNDA:0,(anonymous_1)
FNDA:0,formatDate
FNDA:0,(anonymous_3)
FNDA:0,(anonymous_4)
FNDA:0,(anonymous_5)
FNDA:0,(anonymous_6)
FNDA:0,(anonymous_7)
FNDA:0,(anonymous_8)
FNDA:0,(anonymous_9)
FNDA:0,(anonymous_10)
FNDA:0,(anonymous_11)
FNDA:0,(anonymous_12)
FNDA:0,(anonymous_13)
FNDA:0,(anonymous_14)
FNDA:0,(anonymous_15)
DA:33,0
DA:34,0
DA:35,0
DA:42,0
DA:43,0
DA:44,0
DA:45,0
DA:48,0
DA:50,0
DA:51,0
DA:52,0
DA:53,0
DA:54,0
DA:56,0
DA:58,0
DA:59,0
DA:60,0
DA:63,0
DA:64,0
DA:67,0
DA:70,0
DA:72,0
DA:74,0
DA:77,0
DA:81,0
DA:82,0
DA:83,0
DA:86,0
DA:89,0
DA:90,0
DA:91,0
DA:92,0
DA:94,0
DA:95,0
DA:96,0
DA:98,0
DA:99,0
DA:100,0
DA:105,0
DA:106,0
DA:110,0
DA:230,0
DA:231,0
DA:233,0
DA:237,0
DA:261,0
DA:354,0
DA:358,0
DA:361,0
DA:363,0
DA:412,0
DA:421,0
DA:429,0
DA:433,0
DA:441,0
LF:55
LH:0
BRDA:63,0,0,0
BRDA:63,0,1,0
BRDA:64,1,0,0
BRDA:64,1,1,0
BRDA:70,2,0,0
BRDA:70,2,1,0
BRDA:82,3,0,0
BRDA:82,3,1,0
BRDA:89,4,0,0
BRDA:89,4,1,0
BRDA:94,5,0,0
BRDA:94,5,1,0
BRDA:98,6,0,0
BRDA:98,6,1,0
BRDA:105,7,0,0
BRDA:105,7,1,0
BRDA:105,8,0,0
BRDA:105,8,1,0
BRDA:117,9,0,0
BRDA:117,9,1,0
BRDA:124,10,0,0
BRDA:124,10,1,0
BRDA:128,11,0,0
BRDA:128,11,1,0
BRDA:157,12,0,0
BRDA:157,12,1,0
BRDA:164,13,0,0
BRDA:164,13,1,0
BRDA:168,14,0,0
BRDA:168,14,1,0
BRDA:176,15,0,0
BRDA:176,15,1,0
BRDA:198,16,0,0
BRDA:198,16,1,0
BRDA:209,17,0,0
BRDA:209,17,1,0
BRDA:213,18,0,0
BRDA:213,18,1,0
BRDA:228,19,0,0
BRDA:228,19,1,0
BRDA:228,19,2,0
BRDA:230,20,0,0
BRDA:230,20,1,0
BRDA:336,21,0,0
BRDA:336,21,1,0
BRDA:352,22,0,0
BRDA:352,22,1,0
BRDA:352,22,2,0
BRDA:382,23,0,0
BRDA:382,23,1,0
BRDA:387,24,0,0
BRDA:387,24,1,0
BRF:52
BRH:0
end_of_record
TN:
SF:components\PercentageSkills.js
FN:5,(anonymous_0)
FNF:1
FNH:0
FNDA:0,(anonymous_0)
DA:5,0
DA:6,0
DA:52,0
LF:3
LH:0
BRF:0
BRH:0
end_of_record
TN:
SF:components\PlayingFieldPerfilClub.js
FN:8,(anonymous_0)
FN:10,(anonymous_1)
FN:22,(anonymous_2)
FNF:3
FNH:0
FNDA:0,(anonymous_0)
FNDA:0,(anonymous_1)
FNDA:0,(anonymous_2)
DA:8,0
DA:9,0
DA:10,0
DA:12,0
DA:23,0
DA:24,0
DA:77,0
LF:7
LH:0
BRF:0
BRH:0
end_of_record
TN:
SF:components\RegisteredOffers.js
FN:7,(anonymous_0)
FN:29,(anonymous_1)
FNF:2
FNH:0
FNDA:0,(anonymous_0)
FNDA:0,(anonymous_1)
DA:7,0
DA:8,0
DA:10,0
DA:30,0
DA:57,0
LF:5
LH:0
BRDA:14,0,0,0
BRDA:14,0,1,0
BRDA:30,1,0,0
BRDA:30,1,1,0
BRDA:39,2,0,0
BRDA:39,2,1,0
BRF:6
BRH:0
end_of_record
TN:
SF:components\SeleccionProfesional.js
FN:6,(anonymous_0)
FN:22,(anonymous_1)
FN:26,(anonymous_2)
FN:30,(anonymous_3)
FN:35,(anonymous_4)
FN:39,(anonymous_5)
FNF:6
FNH:0
FNDA:0,(anonymous_0)
FNDA:0,(anonymous_1)
FNDA:0,(anonymous_2)
FNDA:0,(anonymous_3)
FNDA:0,(anonymous_4)
FNDA:0,(anonymous_5)
DA:6,0
DA:7,0
DA:8,0
DA:9,0
DA:10,0
DA:12,0
DA:13,0
DA:22,0
DA:23,0
DA:26,0
DA:27,0
DA:30,0
DA:31,0
DA:32,0
DA:35,0
DA:36,0
DA:39,0
DA:40,0
DA:43,0
DA:117,0
LF:20
LH:0
BRDA:56,0,0,0
BRDA:56,0,1,0
BRDA:82,1,0,0
BRDA:82,1,1,0
BRF:4
BRH:0
end_of_record
TN:
SF:components\SkillSeleccion.js
FN:25,(anonymous_0)
FN:34,(anonymous_1)
FN:50,(anonymous_2)
FN:61,(anonymous_3)
FN:71,(anonymous_4)
FN:75,(anonymous_5)
FN:79,(anonymous_6)
FN:84,(anonymous_7)
FN:90,(anonymous_8)
FN:100,(anonymous_9)
FN:153,(anonymous_10)
FN:164,(anonymous_11)
FN:185,(anonymous_12)
FN:225,(anonymous_13)
FN:250,(anonymous_14)
FN:277,(anonymous_15)
FN:291,(anonymous_16)
FN:292,(anonymous_17)
FN:323,(anonymous_18)
FN:324,(anonymous_19)
FN:398,(anonymous_20)
FN:405,(anonymous_21)
FN:437,(anonymous_22)
FNF:23
FNH:0
FNDA:0,(anonymous_0)
FNDA:0,(anonymous_1)
FNDA:0,(anonymous_2)
FNDA:0,(anonymous_3)
FNDA:0,(anonymous_4)
FNDA:0,(anonymous_5)
FNDA:0,(anonymous_6)
FNDA:0,(anonymous_7)
FNDA:0,(anonymous_8)
FNDA:0,(anonymous_9)
FNDA:0,(anonymous_10)
FNDA:0,(anonymous_11)
FNDA:0,(anonymous_12)
FNDA:0,(anonymous_13)
FNDA:0,(anonymous_14)
FNDA:0,(anonymous_15)
FNDA:0,(anonymous_16)
FNDA:0,(anonymous_17)
FNDA:0,(anonymous_18)
FNDA:0,(anonymous_19)
FNDA:0,(anonymous_20)
FNDA:0,(anonymous_21)
FNDA:0,(anonymous_22)
DA:25,0
DA:34,0
DA:36,0
DA:37,0
DA:38,0
DA:39,0
DA:40,0
DA:41,0
DA:42,0
DA:43,0
DA:44,0
DA:45,0
DA:46,0
DA:47,0
DA:48,0
DA:50,0
DA:51,0
DA:52,0
DA:54,0
DA:55,0
DA:56,0
DA:57,0
DA:61,0
DA:62,0
DA:63,0
DA:67,0
DA:71,0
DA:72,0
DA:75,0
DA:76,0
DA:79,0
DA:80,0
DA:81,0
DA:84,0
DA:85,0
DA:86,0
DA:87,0
DA:90,0
DA:91,0
DA:92,0
DA:93,0
DA:94,0
DA:96,0
DA:97,0
DA:100,0
DA:102,0
DA:118,0
DA:119,0
DA:122,0
DA:128,0
DA:129,0
DA:133,0
DA:135,0
DA:138,0
DA:142,0
DA:143,0
DA:147,0
DA:149,0
DA:153,0
DA:154,0
DA:155,0
DA:156,0
DA:161,0
DA:164,0
DA:165,0
DA:166,0
DA:167,0
DA:171,0
DA:172,0
DA:176,0
DA:177,0
DA:178,0
DA:179,0
DA:180,0
DA:181,0
DA:182,0
DA:185,0
DA:186,0
DA:190,0
DA:196,0
DA:225,0
DA:250,0
DA:277,0
DA:292,0
DA:293,0
DA:324,0
DA:325,0
DA:398,0
DA:406,0
DA:437,0
DA:455,0
LF:91
LH:0
BRDA:54,0,0,0
BRDA:54,0,1,0
BRDA:56,1,0,0
BRDA:56,1,1,0
BRDA:62,2,0,0
BRDA:62,2,1,0
BRDA:91,3,0,0
BRDA:91,3,1,0
BRDA:118,4,0,0
BRDA:118,4,1,0
BRDA:122,5,0,0
BRDA:122,5,1,0
BRDA:123,6,0,0
BRDA:123,6,1,0
BRDA:123,6,2,0
BRDA:123,6,3,0
BRDA:128,7,0,0
BRDA:128,7,1,0
BRDA:142,8,0,0
BRDA:142,8,1,0
BRDA:165,9,0,0
BRDA:165,9,1,0
BRDA:165,10,0,0
BRDA:165,10,1,0
BRDA:167,11,0,0
BRDA:167,11,1,0
BRDA:168,12,0,0
BRDA:168,12,1,0
BRDA:172,13,0,0
BRDA:172,13,1,0
BRDA:173,14,0,0
BRDA:173,14,1,0
BRDA:177,15,0,0
BRDA:177,15,1,0
BRDA:177,16,0,0
BRDA:177,16,1,0
BRDA:179,17,0,0
BRDA:179,17,1,0
BRDA:179,18,0,0
BRDA:179,18,1,0
BRDA:181,19,0,0
BRDA:181,19,1,0
BRDA:181,20,0,0
BRDA:181,20,1,0
BRDA:190,21,0,0
BRDA:190,21,1,0
BRDA:190,22,0,0
BRDA:190,22,1,0
BRDA:192,23,0,0
BRDA:192,23,1,0
BRDA:194,24,0,0
BRDA:194,24,1,0
BRDA:214,25,0,0
BRDA:214,25,1,0
BRDA:219,26,0,0
BRDA:219,26,1,0
BRDA:221,27,0,0
BRDA:221,27,1,0
BRDA:239,28,0,0
BRDA:239,28,1,0
BRDA:243,29,0,0
BRDA:243,29,1,0
BRDA:245,30,0,0
BRDA:245,30,1,0
BRDA:266,31,0,0
BRDA:266,31,1,0
BRDA:271,32,0,0
BRDA:271,32,1,0
BRDA:273,33,0,0
BRDA:273,33,1,0
BRDA:301,34,0,0
BRDA:301,34,1,0
BRDA:303,35,0,0
BRDA:303,35,1,0
BRDA:309,36,0,0
BRDA:309,36,1,0
BRDA:337,37,0,0
BRDA:337,37,1,0
BRDA:345,38,0,0
BRDA:345,38,1,0
BRDA:345,38,2,0
BRDA:345,38,3,0
BRDA:345,38,4,0
BRDA:345,38,5,0
BRDA:345,38,6,0
BRDA:345,38,7,0
BRDA:345,38,8,0
BRDA:345,38,9,0
BRDA:345,38,10,0
BRDA:345,38,11,0
BRDA:345,38,12,0
BRDA:345,38,13,0
BRDA:345,38,14,0
BRDA:345,38,15,0
BRDA:345,38,16,0
BRDA:345,38,17,0
BRDA:345,38,18,0
BRDA:345,38,19,0
BRDA:345,38,20,0
BRDA:345,38,21,0
BRDA:345,38,22,0
BRDA:345,38,23,0
BRDA:388,39,0,0
BRDA:388,39,1,0
BRDA:392,40,0,0
BRDA:392,40,1,0
BRDA:394,41,0,0
BRDA:394,41,1,0
BRDA:404,42,0,0
BRDA:404,42,1,0
BRDA:426,43,0,0
BRDA:426,43,1,0
BRDA:431,44,0,0
BRDA:431,44,1,0
BRDA:433,45,0,0
BRDA:433,45,1,0
BRDA:444,46,0,0
BRDA:444,46,1,0
BRF:118
BRH:0
end_of_record
TN:
SF:components\Thumbnail.js
FN:8,(anonymous_0)
FN:11,(anonymous_1)
FN:17,(anonymous_2)
FN:21,(anonymous_3)
FN:26,(anonymous_4)
FN:39,(anonymous_5)
FN:45,(anonymous_6)
FN:76,(anonymous_7)
FN:76,(anonymous_8)
FNF:9
FNH:0
FNDA:0,(anonymous_0)
FNDA:0,(anonymous_1)
FNDA:0,(anonymous_2)
FNDA:0,(anonymous_3)
FNDA:0,(anonymous_4)
FNDA:0,(anonymous_5)
FNDA:0,(anonymous_6)
FNDA:0,(anonymous_7)
FNDA:0,(anonymous_8)
DA:8,0
DA:9,0
DA:10,0
DA:11,0
DA:12,0
DA:13,0
DA:14,0
DA:15,0
DA:17,0
DA:18,0
DA:21,0
DA:22,0
DA:26,0
DA:27,0
DA:31,0
DA:32,0
DA:39,0
DA:40,0
DA:41,0
DA:45,0
DA:46,0
DA:47,0
DA:50,0
DA:52,0
DA:56,0
DA:76,0
LF:26
LH:0
BRDA:32,0,0,0
BRDA:32,0,1,0
BRDA:34,1,0,0
BRDA:34,1,1,0
BRDA:40,2,0,0
BRDA:40,2,1,0
BRDA:59,3,0,0
BRDA:59,3,1,0
BRDA:72,4,0,0
BRDA:72,4,1,0
BRDA:72,5,0,0
BRDA:72,5,1,0
BRDA:81,6,0,0
BRDA:81,6,1,0
BRDA:82,7,0,0
BRDA:82,7,1,0
BRDA:98,8,0,0
BRDA:98,8,1,0
BRDA:102,9,0,0
BRDA:102,9,1,0
BRF:20
BRH:0
end_of_record
TN:
SF:components\Toast.js
FN:5,(anonymous_0)
FN:9,(anonymous_1)
FN:15,(anonymous_2)
FN:16,(anonymous_3)
FN:21,(anonymous_4)
FN:38,(anonymous_5)
FNF:6
FNH:0
FNDA:0,(anonymous_0)
FNDA:0,(anonymous_1)
FNDA:0,(anonymous_2)
FNDA:0,(anonymous_3)
FNDA:0,(anonymous_4)
FNDA:0,(anonymous_5)
DA:3,0
DA:5,0
DA:6,0
DA:7,0
DA:9,0
DA:10,0
DA:11,0
DA:16,0
DA:17,0
DA:21,0
DA:26,0
DA:38,0
DA:39,0
DA:42,0
LF:14
LH:0
BRDA:29,0,0,0
BRDA:29,0,1,0
BRF:2
BRH:0
end_of_record
TN:
SF:components\CustomPicker\CustomPicker.js
FN:6,(anonymous_0)
FN:18,(anonymous_1)
FNF:2
FNH:0
FNDA:0,(anonymous_0)
FNDA:0,(anonymous_1)
DA:6,0
DA:16,0
DA:19,0
LF:3
LH:0
BRDA:41,0,0,0
BRDA:41,0,1,0
BRDA:43,1,0,0
BRDA:43,1,1,0
BRDA:45,2,0,0
BRDA:45,2,1,0
BRDA:52,3,0,0
BRDA:52,3,1,0
BRF:8
BRH:0
end_of_record
TN:
SF:components\Suscripciones\GoldSuscription.js
FN:19,(anonymous_0)
FN:29,(anonymous_1)
FN:32,(anonymous_2)
FN:49,(anonymous_3)
FN:376,(anonymous_4)
FN:398,(anonymous_5)
FN:414,(anonymous_6)
FNF:7
FNH:0
FNDA:0,(anonymous_0)
FNDA:0,(anonymous_1)
FNDA:0,(anonymous_2)
FNDA:0,(anonymous_3)
FNDA:0,(anonymous_4)
FNDA:0,(anonymous_5)
FNDA:0,(anonymous_6)
DA:19,0
DA:29,0
DA:30,0
DA:32,0
DA:33,0
DA:38,0
DA:39,0
DA:40,0
DA:41,0
DA:45,0
DA:49,0
DA:50,0
DA:55,0
DA:56,0
DA:57,0
DA:58,0
DA:62,0
DA:66,0
DA:376,0
DA:398,0
DA:414,0
DA:440,0
LF:22
LH:0
BRDA:38,0,0,0
BRDA:38,0,1,0
BRDA:55,1,0,0
BRDA:55,1,1,0
BRDA:302,2,0,0
BRDA:302,2,1,0
BRDA:302,2,2,0
BRDA:320,3,0,0
BRDA:320,3,1,0
BRDA:320,3,2,0
BRDA:338,4,0,0
BRDA:338,4,1,0
BRDA:356,5,0,0
BRDA:356,5,1,0
BRDA:374,6,0,0
BRDA:374,6,1,0
BRDA:374,6,2,0
BRDA:392,7,0,0
BRDA:392,7,1,0
BRF:19
BRH:0
end_of_record
TN:
SF:components\Suscripciones\GoldSuscriptionClub.js
FN:18,(anonymous_0)
FN:27,(anonymous_1)
FN:29,(anonymous_2)
FN:48,(anonymous_3)
FN:271,(anonymous_4)
FN:293,(anonymous_5)
FN:309,(anonymous_6)
FNF:7
FNH:0
FNDA:0,(anonymous_0)
FNDA:0,(anonymous_1)
FNDA:0,(anonymous_2)
FNDA:0,(anonymous_3)
FNDA:0,(anonymous_4)
FNDA:0,(anonymous_5)
FNDA:0,(anonymous_6)
DA:18,0
DA:27,0
DA:29,0
DA:30,0
DA:31,0
DA:36,0
DA:37,0
DA:38,0
DA:39,0
DA:48,0
DA:49,0
DA:50,0
DA:55,0
DA:56,0
DA:57,0
DA:58,0
DA:67,0
DA:271,0
DA:293,0
DA:309,0
DA:335,0
LF:21
LH:0
BRDA:36,0,0,0
BRDA:36,0,1,0
BRDA:55,1,0,0
BRDA:55,1,1,0
BRDA:251,2,0,0
BRDA:251,2,1,0
BRDA:251,2,2,0
BRDA:269,3,0,0
BRDA:269,3,1,0
BRDA:269,3,2,0
BRDA:287,4,0,0
BRDA:287,4,1,0
BRF:12
BRH:0
end_of_record
TN:
SF:components\Suscripciones\SilverSuscription.js
FN:13,(anonymous_0)
FNF:1
FNH:0
FNDA:0,(anonymous_0)
DA:13,0
DA:14,0
DA:131,0
LF:3
LH:0
BRF:0
BRH:0
end_of_record
TN:
SF:components\Suscripciones\SilverSuscriptionClub.js
FN:13,(anonymous_0)
FNF:1
FNH:0
FNDA:0,(anonymous_0)
DA:13,0
DA:14,0
DA:140,0
LF:3
LH:0
BRF:0
BRH:0
end_of_record
TN:
SF:components\Suscripciones\StarSuscription.js
FN:16,(anonymous_0)
FN:26,(anonymous_1)
FN:29,(anonymous_2)
FN:46,(anonymous_3)
FN:370,(anonymous_4)
FN:392,(anonymous_5)
FNF:6
FNH:0
FNDA:0,(anonymous_0)
FNDA:0,(anonymous_1)
FNDA:0,(anonymous_2)
FNDA:0,(anonymous_3)
FNDA:0,(anonymous_4)
FNDA:0,(anonymous_5)
DA:16,0
DA:26,0
DA:27,0
DA:29,0
DA:30,0
DA:34,0
DA:35,0
DA:36,0
DA:37,0
DA:46,0
DA:47,0
DA:51,0
DA:52,0
DA:53,0
DA:54,0
DA:62,0
DA:370,0
DA:392,0
DA:435,0
LF:19
LH:0
BRDA:34,0,0,0
BRDA:34,0,1,0
BRDA:51,1,0,0
BRDA:51,1,1,0
BRDA:296,2,0,0
BRDA:296,2,1,0
BRDA:296,2,2,0
BRDA:314,3,0,0
BRDA:314,3,1,0
BRDA:332,4,0,0
BRDA:332,4,1,0
BRDA:350,5,0,0
BRDA:350,5,1,0
BRDA:350,5,2,0
BRDA:368,6,0,0
BRDA:368,6,1,0
BRDA:368,6,2,0
BRDA:386,7,0,0
BRDA:386,7,1,0
BRF:19
BRH:0
end_of_record
TN:
SF:components\modals\AnoNacimientoModal.js
FN:17,(anonymous_0)
FN:20,(anonymous_1)
FN:42,(anonymous_2)
FN:46,(anonymous_3)
FNF:4
FNH:0
FNDA:0,(anonymous_0)
FNDA:0,(anonymous_1)
FNDA:0,(anonymous_2)
FNDA:0,(anonymous_3)
DA:13,0
DA:14,0
DA:15,0
DA:17,0
DA:20,0
DA:21,0
DA:43,0
DA:47,0
DA:48,0
DA:65,0
LF:10
LH:0
BRF:0
BRH:0
end_of_record
TN:
SF:components\modals\AñoNacimientoModal.js
FN:17,(anonymous_0)
FN:20,(anonymous_1)
FN:43,(anonymous_2)
FN:47,(anonymous_3)
FNF:4
FNH:0
FNDA:0,(anonymous_0)
FNDA:0,(anonymous_1)
FNDA:0,(anonymous_2)
FNDA:0,(anonymous_3)
DA:13,0
DA:14,0
DA:15,0
DA:17,0
DA:20,0
DA:22,0
DA:44,0
DA:48,0
DA:49,0
DA:66,0
LF:10
LH:0
BRF:0
BRH:0
end_of_record
TN:
SF:components\modals\CommentSection.js
FN:25,(anonymous_0)
FN:29,(anonymous_1)
FN:30,(anonymous_2)
FN:31,(anonymous_3)
FN:32,(anonymous_4)
FN:38,(anonymous_5)
FN:42,(anonymous_6)
FN:47,(anonymous_7)
FN:53,(anonymous_8)
FN:64,(anonymous_9)
FN:107,(anonymous_10)
FN:205,(anonymous_11)
FNF:12
FNH:0
FNDA:0,(anonymous_0)
FNDA:0,(anonymous_1)
FNDA:0,(anonymous_2)
FNDA:0,(anonymous_3)
FNDA:0,(anonymous_4)
FNDA:0,(anonymous_5)
FNDA:0,(anonymous_6)
FNDA:0,(anonymous_7)
FNDA:0,(anonymous_8)
FNDA:0,(anonymous_9)
FNDA:0,(anonymous_10)
FNDA:0,(anonymous_11)
DA:25,0
DA:26,0
DA:28,0
DA:29,0
DA:30,0
DA:31,0
DA:32,0
DA:34,0
DA:35,0
DA:36,0
DA:38,0
DA:40,0
DA:42,0
DA:43,0
DA:44,0
DA:46,0
DA:47,0
DA:49,0
DA:53,0
DA:54,0
DA:58,0
DA:59,0
DA:63,0
DA:65,0
DA:66,0
DA:67,0
DA:70,0
DA:108,0
DA:109,0
DA:110,0
DA:206,0
DA:207,0
DA:215,0
DA:216,0
DA:265,0
LF:35
LH:0
BRDA:43,0,0,0
BRDA:43,0,1,0
BRDA:47,1,0,0
BRDA:47,1,1,0
BRDA:63,2,0,0
BRDA:63,2,1,0
BRDA:82,3,0,0
BRDA:82,3,1,0
BRDA:106,4,0,0
BRDA:106,4,1,0
BRDA:109,5,0,0
BRDA:109,5,1,0
BRDA:117,6,0,0
BRDA:117,6,1,0
BRDA:123,7,0,0
BRDA:123,7,1,0
BRDA:156,8,0,0
BRDA:156,8,1,0
BRDA:168,9,0,0
BRDA:168,9,1,0
BRDA:234,10,0,0
BRDA:234,10,1,0
BRDA:234,10,2,0
BRF:23
BRH:0
end_of_record
TN:
SF:components\modals\CustomModal.js
FN:12,(anonymous_0)
FN:30,(anonymous_1)
FN:34,(anonymous_2)
FNF:3
FNH:0
FNDA:0,(anonymous_0)
FNDA:0,(anonymous_1)
FNDA:0,(anonymous_2)
DA:12,0
DA:13,0
DA:31,0
DA:35,0
DA:36,0
DA:48,0
LF:6
LH:0
BRF:0
BRH:0
end_of_record
TN:
SF:components\modals\ModalEdit.js
FN:20,(anonymous_0)
FN:22,(anonymous_1)
FN:23,(anonymous_2)
FNF:3
FNH:0
FNDA:0,(anonymous_0)
FNDA:0,(anonymous_1)
FNDA:0,(anonymous_2)
DA:20,0
DA:21,0
DA:22,0
DA:23,0
DA:25,0
DA:58,0
LF:6
LH:0
BRF:0
BRH:0
end_of_record
TN:
SF:components\modals\ModalExt.js
FN:24,(anonymous_0)
FN:27,(anonymous_1)
FN:28,(anonymous_2)
FN:29,(anonymous_3)
FN:30,(anonymous_4)
FNF:5
FNH:0
FNDA:0,(anonymous_0)
FNDA:0,(anonymous_1)
FNDA:0,(anonymous_2)
FNDA:0,(anonymous_3)
FNDA:0,(anonymous_4)
DA:24,0
DA:25,0
DA:27,0
DA:28,0
DA:29,0
DA:30,0
DA:32,0
DA:34,0
DA:77,0
LF:9
LH:0
BRDA:46,0,0,0
BRDA:46,0,1,0
BRDA:69,1,0,0
BRDA:69,1,1,0
BRF:4
BRH:0
end_of_record
TN:
SF:components\modals\ScrollableModal.js
FN:13,(anonymous_0)
FN:68,(anonymous_1)
FN:72,(anonymous_2)
FNF:3
FNH:0
FNDA:0,(anonymous_0)
FNDA:0,(anonymous_1)
FNDA:0,(anonymous_2)
DA:13,0
DA:21,0
DA:69,0
DA:73,0
DA:74,0
DA:90,0
LF:6
LH:0
BRDA:67,0,0,0
BRDA:67,0,1,0
BRF:2
BRH:0
end_of_record
TN:
SF:components\modals\utils\commentHandler.js
FN:7,(anonymous_0)
FN:49,(anonymous_1)
FNF:2
FNH:0
FNDA:0,(anonymous_0)
FNDA:0,(anonymous_1)
DA:7,0
DA:16,0
DA:21,0
DA:25,0
DA:26,0
DA:44,0
DA:45,0
DA:49,0
DA:50,0
DA:51,0
DA:52,0
DA:53,0
DA:54,0
DA:55,0
DA:57,0
DA:58,0
DA:59,0
DA:61,0
DA:62,0
DA:63,0
DA:65,0
DA:67,0
DA:70,0
DA:71,0
LF:24
LH:0
BRDA:40,0,0,0
BRDA:40,0,1,0
BRDA:57,1,0,0
BRDA:57,1,1,0
BRDA:58,2,0,0
BRDA:58,2,1,0
BRDA:61,3,0,0
BRDA:61,3,1,0
BRDA:62,4,0,0
BRDA:62,4,1,0
BRDA:65,5,0,0
BRDA:65,5,1,0
BRDA:67,6,0,0
BRDA:67,6,1,0
BRDA:71,7,0,0
BRDA:71,7,1,0
BRF:16
BRH:0
end_of_record
TN:
SF:components\svg\BackArrowSVG.js
FN:4,(anonymous_0)
FNF:1
FNH:0
FNDA:0,(anonymous_0)
DA:4,0
DA:5,0
LF:2
LH:0
BRF:0
BRH:0
end_of_record
TN:
SF:components\svg\BarStatSVG.js
FN:5,(anonymous_0)
FNF:1
FNH:0
FNDA:0,(anonymous_0)
DA:5,0
DA:6,0
DA:7,0
LF:3
LH:0
BRDA:24,0,0,0
BRDA:24,0,1,0
BRF:2
BRH:0
end_of_record
TN:
SF:components\svg\CircularStatSVG.js
FN:5,(anonymous_0)
FNF:1
FNH:0
FNDA:0,(anonymous_0)
DA:5,0
DA:6,0
DA:7,0
DA:8,0
DA:11,0
DA:13,0
LF:6
LH:0
BRDA:21,0,0,0
BRDA:21,0,1,0
BRF:2
BRH:0
end_of_record
TN:
SF:components\svg\CommentSVG.js
FN:4,(anonymous_0)
FNF:1
FNH:0
FNDA:0,(anonymous_0)
DA:4,0
DA:5,0
LF:2
LH:0
BRF:0
BRH:0
end_of_record
TN:
SF:components\svg\FeedSVG.js
FN:4,(anonymous_0)
FNF:1
FNH:0
FNDA:0,(anonymous_0)
DA:4,0
DA:5,0
LF:2
LH:0
BRF:0
BRH:0
end_of_record
TN:
SF:components\svg\InstagramSVG.js
FN:4,InstagramSVG
FNF:1
FNH:0
FNDA:0,InstagramSVG
DA:5,0
LF:1
LH:0
BRF:0
BRH:0
end_of_record
TN:
SF:components\svg\Like2SVG.js
FN:5,(anonymous_0)
FN:6,(anonymous_1)
FN:7,(anonymous_2)
FNF:3
FNH:0
FNDA:0,(anonymous_0)
FNDA:0,(anonymous_1)
FNDA:0,(anonymous_2)
DA:5,0
DA:6,0
DA:7,0
DA:10,0
LF:4
LH:0
BRDA:20,0,0,0
BRDA:20,0,1,0
BRF:2
BRH:0
end_of_record
TN:
SF:components\svg\LikeSVG.js
FN:5,(anonymous_0)
FN:6,(anonymous_1)
FN:7,(anonymous_2)
FNF:3
FNH:0
FNDA:0,(anonymous_0)
FNDA:0,(anonymous_1)
FNDA:0,(anonymous_2)
DA:5,0
DA:6,0
DA:7,0
DA:9,0
LF:4
LH:0
BRDA:20,0,0,0
BRDA:20,0,1,0
BRDA:20,1,0,0
BRDA:20,1,1,0
BRF:4
BRH:0
end_of_record
TN:
SF:components\svg\Linea.js
FN:4,Linea
FNF:1
FNH:0
FNDA:0,Linea
DA:5,0
LF:1
LH:0
BRF:0
BRH:0
end_of_record
TN:
SF:components\svg\LineaVerticalSVG.js
FN:4,LineaVertical
FNF:1
FNH:0
FNDA:0,LineaVertical
DA:5,0
LF:1
LH:0
BRF:0
BRH:0
end_of_record
TN:
SF:components\svg\LogoTopClub.js
FN:4,LogoTopClub
FNF:1
FNH:0
FNDA:0,LogoTopClub
DA:5,0
LF:1
LH:0
BRF:0
BRH:0
end_of_record
TN:
SF:components\svg\LogoTopSportman.js
FN:4,LogoTopSportman
FNF:1
FNH:0
FNDA:0,LogoTopSportman
DA:5,0
LF:1
LH:0
BRF:0
BRH:0
end_of_record
TN:
SF:components\svg\OfertasLogoSVG.js
FN:4,OfertasLogoSVG
FNF:1
FNH:0
FNDA:0,OfertasLogoSVG
DA:5,0
LF:1
LH:0
BRF:0
BRH:0
end_of_record
TN:
SF:components\svg\OjoCerradoSVG.js
FN:4,OjoCerradoSVG
FNF:1
FNH:0
FNDA:0,OjoCerradoSVG
DA:5,0
LF:1
LH:0
BRF:0
BRH:0
end_of_record
TN:
SF:components\svg\PremiumSVG.js
FN:5,(anonymous_0)
FNF:1
FNH:0
FNDA:0,(anonymous_0)
DA:5,0
DA:6,0
LF:2
LH:0
BRF:0
BRH:0
end_of_record
TN:
SF:components\svg\ShareSVG.js
FN:4,(anonymous_0)
FNF:1
FNH:0
FNDA:0,(anonymous_0)
DA:4,0
DA:5,0
LF:2
LH:0
BRF:0
BRH:0
end_of_record
TN:
SF:components\svg\StatsSVG.js
FN:4,(anonymous_0)
FNF:1
FNH:0
FNDA:0,(anonymous_0)
DA:4,0
DA:5,0
LF:2
LH:0
BRF:0
BRH:0
end_of_record
TN:
SF:components\svg\ThreePointsSVG.js
FN:4,(anonymous_0)
FNF:1
FNH:0
FNDA:0,(anonymous_0)
DA:4,0
DA:5,0
LF:2
LH:0
BRF:0
BRH:0
end_of_record
TN:
SF:components\svg\footerSVG\DiarySVG.js
FN:4,(anonymous_0)
FNF:1
FNH:0
FNDA:0,(anonymous_0)
DA:4,0
DA:5,0
LF:2
LH:0
BRDA:19,0,0,0
BRDA:19,0,1,0
BRDA:24,1,0,0
BRDA:24,1,1,0
BRDA:30,2,0,0
BRDA:30,2,1,0
BRDA:36,3,0,0
BRDA:36,3,1,0
BRDA:45,4,0,0
BRDA:45,4,1,0
BRDA:50,5,0,0
BRDA:50,5,1,0
BRF:12
BRH:0
end_of_record
TN:
SF:components\svg\footerSVG\HomeSVG.js
FN:4,(anonymous_0)
FNF:1
FNH:0
FNDA:0,(anonymous_0)
DA:4,0
DA:5,0
LF:2
LH:0
BRF:0
BRH:0
end_of_record
TN:
SF:components\svg\footerSVG\LensSVG.js
FN:4,(anonymous_0)
FNF:1
FNH:0
FNDA:0,(anonymous_0)
DA:4,0
DA:5,0
LF:2
LH:0
BRDA:18,0,0,0
BRDA:18,0,1,0
BRDA:23,1,0,0
BRDA:23,1,1,0
BRF:4
BRH:0
end_of_record
TN:
SF:components\svg\footerSVG\MessageSVG.js
FN:4,(anonymous_0)
FNF:1
FNH:0
FNDA:0,(anonymous_0)
DA:4,0
DA:5,0
LF:2
LH:0
BRDA:19,0,0,0
BRDA:19,0,1,0
BRDA:24,1,0,0
BRDA:24,1,1,0
BRDA:29,2,0,0
BRDA:29,2,1,0
BRDA:34,3,0,0
BRDA:34,3,1,0
BRF:8
BRH:0
end_of_record
TN:
SF:context\Context.js
FN:21,(anonymous_0)
FN:36,(anonymous_1)
FN:38,(anonymous_2)
FN:39,(anonymous_3)
FN:43,(anonymous_4)
FN:55,(anonymous_5)
FN:56,(anonymous_6)
FN:74,transformHttpToHttps
FN:82,(anonymous_8)
FN:105,(anonymous_9)
FN:106,(anonymous_10)
FN:211,(anonymous_11)
FN:215,(anonymous_12)
FN:312,(anonymous_13)
FN:316,(anonymous_14)
FN:344,getTimeFromDate
FN:444,(anonymous_16)
FN:450,(anonymous_17)
FN:460,(anonymous_18)
FN:464,(anonymous_19)
FN:465,(anonymous_20)
FN:467,(anonymous_21)
FN:472,(anonymous_22)
FN:473,(anonymous_23)
FN:475,(anonymous_24)
FN:481,getUserAge
FN:540,(anonymous_26)
FN:546,(anonymous_27)
FNF:28
FNH:0
FNDA:0,(anonymous_0)
FNDA:0,(anonymous_1)
FNDA:0,(anonymous_2)
FNDA:0,(anonymous_3)
FNDA:0,(anonymous_4)
FNDA:0,(anonymous_5)
FNDA:0,(anonymous_6)
FNDA:0,transformHttpToHttps
FNDA:0,(anonymous_8)
FNDA:0,(anonymous_9)
FNDA:0,(anonymous_10)
FNDA:0,(anonymous_11)
FNDA:0,(anonymous_12)
FNDA:0,(anonymous_13)
FNDA:0,(anonymous_14)
FNDA:0,getTimeFromDate
FNDA:0,(anonymous_16)
FNDA:0,(anonymous_17)
FNDA:0,(anonymous_18)
FNDA:0,(anonymous_19)
FNDA:0,(anonymous_20)
FNDA:0,(anonymous_21)
FNDA:0,(anonymous_22)
FNDA:0,(anonymous_23)
FNDA:0,(anonymous_24)
FNDA:0,getUserAge
FNDA:0,(anonymous_26)
FNDA:0,(anonymous_27)
DA:21,0
DA:22,0
DA:23,0
DA:24,0
DA:26,0
DA:27,0
DA:28,0
DA:29,0
DA:31,0
DA:34,0
DA:36,0
DA:37,0
DA:38,0
DA:39,0
DA:40,0
DA:41,0
DA:42,0
DA:43,0
DA:44,0
DA:45,0
DA:46,0
DA:47,0
DA:48,0
DA:49,0
DA:50,0
DA:52,0
DA:53,0
DA:55,0
DA:56,0
DA:57,0
DA:58,0
DA:59,0
DA:60,0
DA:63,0
DA:65,0
DA:68,0
DA:75,0
DA:76,0
DA:78,0
DA:82,0
DA:83,0
DA:84,0
DA:86,0
DA:89,0
DA:95,0
DA:96,0
DA:97,0
DA:98,0
DA:99,0
DA:101,0
DA:105,0
DA:107,0
DA:110,0
DA:112,0
DA:113,0
DA:209,0
DA:211,0
DA:212,0
DA:213,0
DA:215,0
DA:216,0
DA:217,0
DA:218,0
DA:220,0
DA:221,0
DA:222,0
DA:223,0
DA:225,0
DA:229,0
DA:230,0
DA:232,0
DA:234,0
DA:235,0
DA:241,0
DA:242,0
DA:243,0
DA:244,0
DA:247,0
DA:249,0
DA:253,0
DA:254,0
DA:256,0
DA:257,0
DA:259,0
DA:262,0
DA:263,0
DA:264,0
DA:266,0
DA:273,0
DA:274,0
DA:275,0
DA:281,0
DA:282,0
DA:283,0
DA:284,0
DA:286,0
DA:288,0
DA:292,0
DA:293,0
DA:295,0
DA:296,0
DA:297,0
DA:299,0
DA:300,0
DA:305,0
DA:307,0
DA:308,0
DA:312,0
DA:313,0
DA:316,0
DA:317,0
DA:318,0
DA:319,0
DA:320,0
DA:321,0
DA:322,0
DA:324,0
DA:325,0
DA:326,0
DA:328,0
DA:329,0
DA:330,0
DA:332,0
DA:334,0
DA:337,0
DA:338,0
DA:346,0
DA:352,0
DA:355,0
DA:358,0
DA:359,0
DA:362,0
DA:363,0
DA:366,0
DA:369,0
DA:444,0
DA:445,0
DA:446,0
DA:450,0
DA:451,0
DA:452,0
DA:460,0
DA:464,0
DA:465,0
DA:466,0
DA:467,0
DA:469,0
DA:472,0
DA:473,0
DA:474,0
DA:475,0
DA:477,0
DA:482,0
DA:483,0
DA:484,0
DA:485,0
DA:488,0
DA:489,0
DA:490,0
DA:540,0
DA:541,0
DA:542,0
DA:543,0
DA:546,0
DA:547,0
DA:548,0
DA:549,0
DA:551,0
DA:552,0
DA:555,0
DA:556,0
DA:558,0
DA:560,0
DA:563,0
LF:174
LH:0
BRDA:26,0,0,0
BRDA:26,0,1,0
BRDA:28,1,0,0
BRDA:28,1,1,0
BRDA:57,2,0,0
BRDA:57,2,1,0
BRDA:75,3,0,0
BRDA:75,3,1,0
BRDA:83,4,0,0
BRDA:83,4,1,0
BRDA:83,5,0,0
BRDA:83,5,1,0
BRDA:86,6,0,0
BRDA:86,6,1,0
BRDA:107,7,0,0
BRDA:107,7,1,0
BRDA:220,8,0,0
BRDA:220,8,1,0
BRDA:222,9,0,0
BRDA:222,9,1,0
BRDA:230,10,0,0
BRDA:230,10,1,0
BRDA:256,11,0,0
BRDA:256,11,1,0
BRDA:273,12,0,0
BRDA:273,12,1,0
BRDA:295,13,0,0
BRDA:295,13,1,0
BRDA:324,14,0,0
BRDA:324,14,1,0
BRDA:325,15,0,0
BRDA:325,15,1,0
BRDA:328,16,0,0
BRDA:328,16,1,0
BRDA:329,17,0,0
BRDA:329,17,1,0
BRDA:332,18,0,0
BRDA:332,18,1,0
BRDA:334,19,0,0
BRDA:334,19,1,0
BRDA:338,20,0,0
BRDA:338,20,1,0
BRDA:362,21,0,0
BRDA:362,21,1,0
BRDA:363,22,0,0
BRDA:363,22,1,0
BRDA:445,23,0,0
BRDA:445,23,1,0
BRDA:547,24,0,0
BRDA:547,24,1,0
BRDA:551,25,0,0
BRDA:551,25,1,0
BRF:52
BRH:0
end_of_record
TN:
SF:context\ContextSocket.js
FN:9,(anonymous_0)
FN:11,(anonymous_1)
FN:12,(anonymous_2)
FN:27,(anonymous_3)
FN:32,(anonymous_4)
FN:37,(anonymous_5)
FN:41,(anonymous_6)
FN:45,(anonymous_7)
FN:50,(anonymous_8)
FN:62,(anonymous_9)
FN:69,(anonymous_10)
FN:76,(anonymous_11)
FN:82,(anonymous_12)
FNF:13
FNH:0
FNDA:0,(anonymous_0)
FNDA:0,(anonymous_1)
FNDA:0,(anonymous_2)
FNDA:0,(anonymous_3)
FNDA:0,(anonymous_4)
FNDA:0,(anonymous_5)
FNDA:0,(anonymous_6)
FNDA:0,(anonymous_7)
FNDA:0,(anonymous_8)
FNDA:0,(anonymous_9)
FNDA:0,(anonymous_10)
FNDA:0,(anonymous_11)
FNDA:0,(anonymous_12)
DA:7,0
DA:9,0
DA:11,0
DA:12,0
DA:13,0
DA:14,0
DA:16,0
DA:20,0
DA:27,0
DA:28,0
DA:29,0
DA:32,0
DA:33,0
DA:34,0
DA:37,0
DA:38,0
DA:41,0
DA:42,0
DA:45,0
DA:46,0
DA:47,0
DA:50,0
DA:51,0
DA:52,0
DA:62,0
DA:63,0
DA:64,0
DA:65,0
DA:69,0
DA:70,0
DA:71,0
DA:72,0
DA:76,0
DA:77,0
DA:78,0
DA:82,0
DA:83,0
DA:84,0
DA:88,0
LF:39
LH:0
BRDA:63,0,0,0
BRDA:63,0,1,0
BRDA:70,1,0,0
BRDA:70,1,1,0
BRDA:77,2,0,0
BRDA:77,2,1,0
BRDA:83,3,0,0
BRDA:83,3,1,0
BRF:8
BRH:0
end_of_record
TN:
SF:redux\store.js
FN:31,(anonymous_0)
FN:35,(anonymous_1)
FNF:2
FNH:0
FNDA:0,(anonymous_0)
FNDA:0,(anonymous_1)
DA:16,0
DA:32,0
DA:36,0
LF:3
LH:0
BRDA:36,0,0,0
BRDA:36,0,1,0
BRF:2
BRH:0
end_of_record
TN:
SF:redux\actions\chats.js
FN:8,(anonymous_0)
FN:19,(anonymous_1)
FN:30,(anonymous_2)
FN:41,(anonymous_3)
FN:55,(anonymous_4)
FN:67,(anonymous_5)
FN:77,(anonymous_6)
FN:86,(anonymous_7)
FN:86,(anonymous_8)
FNF:9
FNH:0
FNDA:0,(anonymous_0)
FNDA:0,(anonymous_1)
FNDA:0,(anonymous_2)
FNDA:0,(anonymous_3)
FNDA:0,(anonymous_4)
FNDA:0,(anonymous_5)
FNDA:0,(anonymous_6)
FNDA:0,(anonymous_7)
FNDA:0,(anonymous_8)
DA:6,0
DA:9,0
DA:10,0
DA:11,0
DA:12,0
DA:18,0
DA:19,0
DA:22,0
DA:25,0
DA:29,0
DA:30,0
DA:34,0
DA:39,0
DA:42,0
DA:43,0
DA:44,0
DA:47,0
DA:49,0
DA:53,0
DA:56,0
DA:57,0
DA:58,0
DA:60,0
DA:65,0
DA:68,0
DA:69,0
DA:71,0
DA:75,0
DA:78,0
DA:79,0
DA:81,0
DA:86,0
DA:87,0
DA:88,0
DA:90,0
LF:35
LH:0
BRDA:11,0,0,0
BRDA:11,0,1,0
BRDA:23,1,0,0
BRDA:23,1,1,0
BRDA:23,2,0,0
BRDA:23,2,1,0
BRDA:26,3,0,0
BRDA:26,3,1,0
BRDA:26,4,0,0
BRDA:26,4,1,0
BRF:10
BRH:0
end_of_record
TN:
SF:redux\actions\club.js
FN:7,(anonymous_0)
FN:19,(anonymous_1)
FN:28,(anonymous_2)
FN:40,(anonymous_3)
FN:52,(anonymous_4)
FN:67,(anonymous_5)
FN:79,(anonymous_6)
FNF:7
FNH:0
FNDA:0,(anonymous_0)
FNDA:0,(anonymous_1)
FNDA:0,(anonymous_2)
FNDA:0,(anonymous_3)
FNDA:0,(anonymous_4)
FNDA:0,(anonymous_5)
FNDA:0,(anonymous_6)
DA:5,0
DA:8,0
DA:9,0
DA:10,0
DA:12,0
DA:13,0
DA:15,0
DA:19,0
DA:20,0
DA:21,0
DA:22,0
DA:24,0
DA:28,0
DA:29,0
DA:30,0
DA:31,0
DA:32,0
DA:34,0
DA:38,0
DA:41,0
DA:42,0
DA:43,0
DA:44,0
DA:46,0
DA:50,0
DA:53,0
DA:54,0
DA:55,0
DA:57,0
DA:65,0
DA:68,0
DA:69,0
DA:70,0
DA:72,0
DA:77,0
DA:80,0
DA:81,0
DA:82,0
DA:84,0
LF:39
LH:0
BRDA:12,0,0,0
BRDA:12,0,1,0
BRDA:15,1,0,0
BRDA:15,1,1,0
BRF:4
BRH:0
end_of_record
TN:
SF:redux\actions\comments.js
FN:6,(anonymous_0)
FN:18,(anonymous_1)
FNF:2
FNH:0
FNDA:0,(anonymous_0)
FNDA:0,(anonymous_1)
DA:4,0
DA:7,0
DA:8,0
DA:9,0
DA:11,0
DA:16,0
DA:19,0
DA:20,0
DA:21,0
DA:24,0
DA:26,0
LF:11
LH:0
BRF:0
BRH:0
end_of_record
TN:
SF:redux\actions\matchs.js
FN:6,(anonymous_0)
FN:30,(anonymous_1)
FN:45,(anonymous_2)
FN:57,(anonymous_3)
FN:70,(anonymous_4)
FNF:5
FNH:0
FNDA:0,(anonymous_0)
FNDA:0,(anonymous_1)
FNDA:0,(anonymous_2)
FNDA:0,(anonymous_3)
FNDA:0,(anonymous_4)
DA:4,0
DA:7,0
DA:16,0
DA:19,0
DA:20,0
DA:22,0
DA:28,0
DA:31,0
DA:32,0
DA:36,0
DA:38,0
DA:43,0
DA:46,0
DA:47,0
DA:48,0
DA:50,0
DA:55,0
DA:58,0
DA:59,0
DA:61,0
DA:63,0
DA:68,0
DA:71,0
DA:72,0
DA:73,0
DA:75,0
LF:26
LH:0
BRDA:16,0,0,0
BRDA:16,0,1,0
BRF:2
BRH:0
end_of_record
TN:
SF:redux\actions\notifications.js
FN:7,(anonymous_0)
FN:18,(anonymous_1)
FN:29,(anonymous_2)
FN:42,(anonymous_3)
FN:56,(anonymous_4)
FN:67,(anonymous_5)
FN:78,(anonymous_6)
FNF:7
FNH:0
FNDA:0,(anonymous_0)
FNDA:0,(anonymous_1)
FNDA:0,(anonymous_2)
FNDA:0,(anonymous_3)
FNDA:0,(anonymous_4)
FNDA:0,(anonymous_5)
FNDA:0,(anonymous_6)
DA:5,0
DA:8,0
DA:9,0
DA:10,0
DA:12,0
DA:16,0
DA:19,0
DA:20,0
DA:21,0
DA:23,0
DA:27,0
DA:30,0
DA:31,0
DA:34,0
DA:36,0
DA:40,0
DA:43,0
DA:44,0
DA:45,0
DA:48,0
DA:50,0
DA:54,0
DA:57,0
DA:58,0
DA:59,0
DA:61,0
DA:65,0
DA:68,0
DA:69,0
DA:70,0
DA:72,0
DA:76,0
DA:79,0
DA:80,0
DA:81,0
DA:83,0
LF:36
LH:0
BRF:0
BRH:0
end_of_record
TN:
SF:redux\actions\offers.js
FN:4,(anonymous_0)
FN:16,(anonymous_1)
FN:31,(anonymous_2)
FN:44,(anonymous_3)
FN:55,(anonymous_4)
FN:64,(anonymous_5)
FN:75,(anonymous_6)
FNF:7
FNH:0
FNDA:0,(anonymous_0)
FNDA:0,(anonymous_1)
FNDA:0,(anonymous_2)
FNDA:0,(anonymous_3)
FNDA:0,(anonymous_4)
FNDA:0,(anonymous_5)
FNDA:0,(anonymous_6)
DA:4,0
DA:5,0
DA:6,0
DA:7,0
DA:8,0
DA:10,0
DA:14,0
DA:17,0
DA:18,0
DA:21,0
DA:22,0
DA:24,0
DA:29,0
DA:32,0
DA:33,0
DA:36,0
DA:37,0
DA:39,0
DA:44,0
DA:45,0
DA:46,0
DA:47,0
DA:48,0
DA:49,0
DA:51,0
DA:55,0
DA:56,0
DA:57,0
DA:58,0
DA:60,0
DA:64,0
DA:65,0
DA:66,0
DA:67,0
DA:69,0
DA:73,0
DA:76,0
DA:77,0
DA:78,0
DA:79,0
DA:81,0
LF:41
LH:0
BRF:0
BRH:0
end_of_record
TN:
SF:redux\actions\positions.js
FN:7,(anonymous_0)
FNF:1
FNH:0
FNDA:0,(anonymous_0)
DA:5,0
DA:8,0
DA:9,0
DA:10,0
DA:12,0
LF:5
LH:0
BRF:0
BRH:0
end_of_record
TN:
SF:redux\actions\post.js
FN:4,(anonymous_0)
FN:15,(anonymous_1)
FN:25,(anonymous_2)
FN:34,(anonymous_3)
FN:43,(anonymous_4)
FN:54,(anonymous_5)
FN:63,(anonymous_6)
FN:74,(anonymous_7)
FN:86,(anonymous_8)
FN:94,(anonymous_9)
FNF:10
FNH:0
FNDA:0,(anonymous_0)
FNDA:0,(anonymous_1)
FNDA:0,(anonymous_2)
FNDA:0,(anonymous_3)
FNDA:0,(anonymous_4)
FNDA:0,(anonymous_5)
FNDA:0,(anonymous_6)
FNDA:0,(anonymous_7)
FNDA:0,(anonymous_8)
FNDA:0,(anonymous_9)
DA:4,0
DA:5,0
DA:6,0
DA:7,0
DA:9,0
DA:13,0
DA:16,0
DA:17,0
DA:18,0
DA:20,0
DA:25,0
DA:26,0
DA:27,0
DA:28,0
DA:30,0
DA:34,0
DA:35,0
DA:36,0
DA:37,0
DA:39,0
DA:43,0
DA:44,0
DA:45,0
DA:46,0
DA:48,0
DA:52,0
DA:55,0
DA:56,0
DA:58,0
DA:63,0
DA:64,0
DA:65,0
DA:66,0
DA:68,0
DA:72,0
DA:75,0
DA:76,0
DA:77,0
DA:78,0
DA:80,0
DA:84,0
DA:87,0
DA:88,0
DA:90,0
DA:94,0
DA:95,0
DA:96,0
DA:98,0
LF:48
LH:0
BRF:0
BRH:0
end_of_record
TN:
SF:redux\actions\sportman.js
FN:6,(anonymous_0)
FN:17,(anonymous_1)
FN:28,(anonymous_2)
FNF:3
FNH:0
FNDA:0,(anonymous_0)
FNDA:0,(anonymous_1)
FNDA:0,(anonymous_2)
DA:4,0
DA:7,0
DA:8,0
DA:9,0
DA:10,0
DA:12,0
DA:17,0
DA:18,0
DA:19,0
DA:20,0
DA:22,0
DA:26,0
DA:29,0
DA:30,0
DA:31,0
DA:32,0
DA:35,0
DA:37,0
DA:41,0
DA:44,0
LF:20
LH:0
BRDA:31,0,0,0
BRDA:31,0,1,0
BRF:2
BRH:0
end_of_record
TN:
SF:redux\actions\sports.js
FN:4,(anonymous_0)
FN:15,(anonymous_1)
FN:27,(anonymous_2)
FNF:3
FNH:0
FNDA:0,(anonymous_0)
FNDA:0,(anonymous_1)
FNDA:0,(anonymous_2)
DA:4,0
DA:5,0
DA:6,0
DA:7,0
DA:9,0
DA:13,0
DA:16,0
DA:17,0
DA:18,0
DA:20,0
DA:25,0
DA:28,0
DA:29,0
DA:30,0
DA:32,0
LF:15
LH:0
BRF:0
BRH:0
end_of_record
TN:
SF:redux\actions\users.js
FN:4,(anonymous_0)
FN:13,(anonymous_1)
FN:24,(anonymous_2)
FN:37,(anonymous_3)
FN:49,(anonymous_4)
FN:62,(anonymous_5)
FN:74,(anonymous_6)
FN:84,(anonymous_7)
FN:95,(anonymous_8)
FNF:9
FNH:0
FNDA:0,(anonymous_0)
FNDA:0,(anonymous_1)
FNDA:0,(anonymous_2)
FNDA:0,(anonymous_3)
FNDA:0,(anonymous_4)
FNDA:0,(anonymous_5)
FNDA:0,(anonymous_6)
FNDA:0,(anonymous_7)
FNDA:0,(anonymous_8)
DA:4,0
DA:5,0
DA:6,0
DA:7,0
DA:9,0
DA:13,0
DA:14,0
DA:15,0
DA:16,0
DA:18,0
DA:22,0
DA:26,0
DA:28,0
DA:30,0
DA:35,0
DA:38,0
DA:40,0
DA:42,0
DA:47,0
DA:50,0
DA:51,0
DA:52,0
DA:53,0
DA:55,0
DA:60,0
DA:63,0
DA:64,0
DA:65,0
DA:67,0
DA:72,0
DA:75,0
DA:76,0
DA:77,0
DA:79,0
DA:84,0
DA:85,0
DA:86,0
DA:87,0
DA:88,0
DA:89,0
DA:91,0
DA:95,0
DA:96,0
DA:97,0
DA:98,0
DA:99,0
DA:101,0
LF:47
LH:0
BRF:0
BRH:0
end_of_record
TN:
SF:redux\slices\chats.slices.js
FN:20,(anonymous_0)
FN:24,(anonymous_1)
FN:27,(anonymous_2)
FN:28,(anonymous_3)
FN:34,(anonymous_4)
FN:37,(anonymous_5)
FN:41,(anonymous_6)
FN:44,(anonymous_7)
FN:57,(anonymous_8)
FN:75,(anonymous_9)
FN:79,(anonymous_10)
FN:84,(anonymous_11)
FN:88,(anonymous_12)
FN:92,(anonymous_13)
FN:97,(anonymous_14)
FN:101,(anonymous_15)
FN:105,(anonymous_16)
FN:112,(anonymous_17)
FN:132,(anonymous_18)
FN:141,(anonymous_19)
FN:145,(anonymous_20)
FN:149,(anonymous_21)
FN:154,(anonymous_22)
FN:170,(anonymous_23)
FN:196,(anonymous_24)
FNF:25
FNH:0
FNDA:0,(anonymous_0)
FNDA:0,(anonymous_1)
FNDA:0,(anonymous_2)
FNDA:0,(anonymous_3)
FNDA:0,(anonymous_4)
FNDA:0,(anonymous_5)
FNDA:0,(anonymous_6)
FNDA:0,(anonymous_7)
FNDA:0,(anonymous_8)
FNDA:0,(anonymous_9)
FNDA:0,(anonymous_10)
FNDA:0,(anonymous_11)
FNDA:0,(anonymous_12)
FNDA:0,(anonymous_13)
FNDA:0,(anonymous_14)
FNDA:0,(anonymous_15)
FNDA:0,(anonymous_16)
FNDA:0,(anonymous_17)
FNDA:0,(anonymous_18)
FNDA:0,(anonymous_19)
FNDA:0,(anonymous_20)
FNDA:0,(anonymous_21)
FNDA:0,(anonymous_22)
FNDA:0,(anonymous_23)
FNDA:0,(anonymous_24)
DA:10,0
DA:21,0
DA:22,0
DA:25,0
DA:28,0
DA:35,0
DA:38,0
DA:39,0
DA:42,0
DA:45,0
DA:53,0
DA:54,0
DA:55,0
DA:58,0
DA:59,0
DA:76,0
DA:77,0
DA:80,0
DA:81,0
DA:82,0
DA:85,0
DA:86,0
DA:89,0
DA:90,0
DA:93,0
DA:94,0
DA:95,0
DA:98,0
DA:99,0
DA:102,0
DA:103,0
DA:106,0
DA:108,0
DA:111,0
DA:112,0
DA:117,0
DA:118,0
DA:120,0
DA:123,0
DA:127,0
DA:131,0
DA:132,0
DA:134,0
DA:136,0
DA:137,0
DA:138,0
DA:142,0
DA:143,0
DA:146,0
DA:147,0
DA:150,0
DA:153,0
DA:154,0
DA:160,0
DA:161,0
DA:163,0
DA:167,0
DA:170,0
DA:171,0
DA:172,0
DA:174,0
DA:184,0
DA:185,0
DA:192,0
DA:193,0
DA:197,0
DA:198,0
DA:207,0
LF:68
LH:0
BRDA:117,0,0,0
BRDA:117,0,1,0
BRDA:118,1,0,0
BRDA:118,1,1,0
BRDA:160,2,0,0
BRDA:160,2,1,0
BRDA:161,3,0,0
BRDA:161,3,1,0
BRDA:171,4,0,0
BRDA:171,4,1,0
BRF:10
BRH:0
end_of_record
TN:
SF:redux\slices\club.slices.js
FN:21,(anonymous_0)
FN:24,(anonymous_1)
FN:27,(anonymous_2)
FN:31,(anonymous_3)
FN:34,(anonymous_4)
FN:38,(anonymous_5)
FN:43,(anonymous_6)
FN:48,(anonymous_7)
FN:52,(anonymous_8)
FN:57,(anonymous_9)
FN:62,(anonymous_10)
FN:66,(anonymous_11)
FN:72,(anonymous_12)
FN:77,(anonymous_13)
FN:81,(anonymous_14)
FN:86,(anonymous_15)
FN:91,(anonymous_16)
FN:95,(anonymous_17)
FN:100,(anonymous_18)
FN:105,(anonymous_19)
FN:109,(anonymous_20)
FN:112,(anonymous_21)
FN:116,(anonymous_22)
FN:121,(anonymous_23)
FN:125,(anonymous_24)
FN:129,(anonymous_25)
FNF:26
FNH:0
FNDA:0,(anonymous_0)
FNDA:0,(anonymous_1)
FNDA:0,(anonymous_2)
FNDA:0,(anonymous_3)
FNDA:0,(anonymous_4)
FNDA:0,(anonymous_5)
FNDA:0,(anonymous_6)
FNDA:0,(anonymous_7)
FNDA:0,(anonymous_8)
FNDA:0,(anonymous_9)
FNDA:0,(anonymous_10)
FNDA:0,(anonymous_11)
FNDA:0,(anonymous_12)
FNDA:0,(anonymous_13)
FNDA:0,(anonymous_14)
FNDA:0,(anonymous_15)
FNDA:0,(anonymous_16)
FNDA:0,(anonymous_17)
FNDA:0,(anonymous_18)
FNDA:0,(anonymous_19)
FNDA:0,(anonymous_20)
FNDA:0,(anonymous_21)
FNDA:0,(anonymous_22)
FNDA:0,(anonymous_23)
FNDA:0,(anonymous_24)
FNDA:0,(anonymous_25)
DA:13,0
DA:22,0
DA:25,0
DA:28,0
DA:32,0
DA:35,0
DA:36,0
DA:39,0
DA:40,0
DA:41,0
DA:44,0
DA:45,0
DA:49,0
DA:50,0
DA:53,0
DA:54,0
DA:55,0
DA:58,0
DA:59,0
DA:63,0
DA:64,0
DA:67,0
DA:68,0
DA:69,0
DA:70,0
DA:73,0
DA:74,0
DA:78,0
DA:79,0
DA:82,0
DA:83,0
DA:84,0
DA:87,0
DA:88,0
DA:92,0
DA:93,0
DA:96,0
DA:97,0
DA:98,0
DA:101,0
DA:102,0
DA:106,0
DA:107,0
DA:110,0
DA:111,0
DA:112,0
DA:114,0
DA:117,0
DA:118,0
DA:122,0
DA:123,0
DA:126,0
DA:127,0
DA:130,0
DA:131,0
DA:136,0
LF:56
LH:0
BRF:0
BRH:0
end_of_record
TN:
SF:redux\slices\comments.slices.js
FN:13,(anonymous_0)
FN:20,(anonymous_1)
FN:23,(anonymous_2)
FN:27,(anonymous_3)
FN:32,(anonymous_4)
FN:37,(anonymous_5)
FN:41,(anonymous_6)
FN:46,(anonymous_7)
FNF:8
FNH:0
FNDA:0,(anonymous_0)
FNDA:0,(anonymous_1)
FNDA:0,(anonymous_2)
FNDA:0,(anonymous_3)
FNDA:0,(anonymous_4)
FNDA:0,(anonymous_5)
FNDA:0,(anonymous_6)
FNDA:0,(anonymous_7)
DA:4,0
DA:14,0
DA:21,0
DA:24,0
DA:25,0
DA:28,0
DA:29,0
DA:30,0
DA:33,0
DA:34,0
DA:38,0
DA:39,0
DA:42,0
DA:43,0
DA:44,0
DA:47,0
DA:48,0
DA:49,0
DA:54,0
LF:19
LH:0
BRF:0
BRH:0
end_of_record
TN:
SF:redux\slices\matchs.slices.js
FN:17,(anonymous_0)
FN:21,(anonymous_1)
FN:24,(anonymous_2)
FN:28,(anonymous_3)
FN:33,(anonymous_4)
FN:38,(anonymous_5)
FN:42,(anonymous_6)
FN:47,(anonymous_7)
FN:52,(anonymous_8)
FN:56,(anonymous_9)
FN:61,(anonymous_10)
FNF:11
FNH:0
FNDA:0,(anonymous_0)
FNDA:0,(anonymous_1)
FNDA:0,(anonymous_2)
FNDA:0,(anonymous_3)
FNDA:0,(anonymous_4)
FNDA:0,(anonymous_5)
FNDA:0,(anonymous_6)
FNDA:0,(anonymous_7)
FNDA:0,(anonymous_8)
FNDA:0,(anonymous_9)
FNDA:0,(anonymous_10)
DA:9,0
DA:18,0
DA:22,0
DA:25,0
DA:26,0
DA:29,0
DA:30,0
DA:31,0
DA:34,0
DA:35,0
DA:39,0
DA:40,0
DA:43,0
DA:44,0
DA:45,0
DA:48,0
DA:49,0
DA:53,0
DA:54,0
DA:57,0
DA:58,0
DA:59,0
DA:62,0
DA:63,0
DA:68,0
LF:25
LH:0
BRF:0
BRH:0
end_of_record
TN:
SF:redux\slices\muro.slices.js
FN:74,(anonymous_0)
FN:77,(anonymous_1)
FN:80,(anonymous_2)
FNF:3
FNH:0
FNDA:0,(anonymous_0)
FNDA:0,(anonymous_1)
FNDA:0,(anonymous_2)
DA:3,0
DA:75,0
DA:78,0
DA:81,0
DA:86,0
LF:5
LH:0
BRF:0
BRH:0
end_of_record
TN:
SF:redux\slices\notifications.slices.js
FN:15,(anonymous_0)
FN:18,(anonymous_1)
FN:22,(anonymous_2)
FN:25,(anonymous_3)
FN:29,(anonymous_4)
FN:34,(anonymous_5)
FN:39,(anonymous_6)
FN:43,(anonymous_7)
FN:48,(anonymous_8)
FN:52,(anonymous_9)
FN:56,(anonymous_10)
FN:60,(anonymous_11)
FN:67,(anonymous_12)
FNF:13
FNH:0
FNDA:0,(anonymous_0)
FNDA:0,(anonymous_1)
FNDA:0,(anonymous_2)
FNDA:0,(anonymous_3)
FNDA:0,(anonymous_4)
FNDA:0,(anonymous_5)
FNDA:0,(anonymous_6)
FNDA:0,(anonymous_7)
FNDA:0,(anonymous_8)
FNDA:0,(anonymous_9)
FNDA:0,(anonymous_10)
FNDA:0,(anonymous_11)
FNDA:0,(anonymous_12)
DA:8,0
DA:16,0
DA:19,0
DA:23,0
DA:26,0
DA:27,0
DA:30,0
DA:31,0
DA:32,0
DA:35,0
DA:36,0
DA:40,0
DA:41,0
DA:44,0
DA:45,0
DA:46,0
DA:49,0
DA:50,0
DA:53,0
DA:54,0
DA:57,0
DA:58,0
DA:59,0
DA:60,0
DA:62,0
DA:63,0
DA:64,0
DA:65,0
DA:68,0
DA:69,0
DA:75,0
LF:31
LH:0
BRF:0
BRH:0
end_of_record
TN:
SF:redux\slices\offers.slices.js
FN:19,(anonymous_0)
FN:24,(anonymous_1)
FN:28,(anonymous_2)
FN:33,(anonymous_3)
FN:37,(anonymous_4)
FN:40,(anonymous_5)
FN:44,(anonymous_6)
FN:49,(anonymous_7)
FN:54,(anonymous_8)
FN:58,(anonymous_9)
FN:66,(anonymous_10)
FN:71,(anonymous_11)
FN:75,(anonymous_12)
FN:80,(anonymous_13)
FN:85,(anonymous_14)
FN:89,(anonymous_15)
FN:94,(anonymous_16)
FN:99,(anonymous_17)
FN:103,(anonymous_18)
FN:108,(anonymous_19)
FNF:20
FNH:0
FNDA:0,(anonymous_0)
FNDA:0,(anonymous_1)
FNDA:0,(anonymous_2)
FNDA:0,(anonymous_3)
FNDA:0,(anonymous_4)
FNDA:0,(anonymous_5)
FNDA:0,(anonymous_6)
FNDA:0,(anonymous_7)
FNDA:0,(anonymous_8)
FNDA:0,(anonymous_9)
FNDA:0,(anonymous_10)
FNDA:0,(anonymous_11)
FNDA:0,(anonymous_12)
FNDA:0,(anonymous_13)
FNDA:0,(anonymous_14)
FNDA:0,(anonymous_15)
FNDA:0,(anonymous_16)
FNDA:0,(anonymous_17)
FNDA:0,(anonymous_18)
FNDA:0,(anonymous_19)
DA:10,0
DA:20,0
DA:21,0
DA:22,0
DA:23,0
DA:24,0
DA:26,0
DA:29,0
DA:30,0
DA:31,0
DA:34,0
DA:38,0
DA:41,0
DA:42,0
DA:45,0
DA:46,0
DA:47,0
DA:50,0
DA:51,0
DA:55,0
DA:56,0
DA:62,0
DA:63,0
DA:64,0
DA:67,0
DA:68,0
DA:72,0
DA:73,0
DA:76,0
DA:77,0
DA:78,0
DA:81,0
DA:82,0
DA:86,0
DA:87,0
DA:90,0
DA:91,0
DA:92,0
DA:95,0
DA:96,0
DA:100,0
DA:101,0
DA:104,0
DA:105,0
DA:106,0
DA:109,0
DA:110,0
DA:116,0
LF:48
LH:0
BRF:0
BRH:0
end_of_record
TN:
SF:redux\slices\positions.slices.js
FN:10,(anonymous_0)
FN:15,(anonymous_1)
FN:18,(anonymous_2)
FN:22,(anonymous_3)
FN:27,(anonymous_4)
FNF:5
FNH:0
FNDA:0,(anonymous_0)
FNDA:0,(anonymous_1)
FNDA:0,(anonymous_2)
FNDA:0,(anonymous_3)
FNDA:0,(anonymous_4)
DA:4,0
DA:11,0
DA:16,0
DA:19,0
DA:20,0
DA:23,0
DA:24,0
DA:25,0
DA:28,0
DA:29,0
DA:34,0
LF:11
LH:0
BRF:0
BRH:0
end_of_record
TN:
SF:redux\slices\post.slices.js
FN:24,(anonymous_0)
FN:31,(anonymous_1)
FN:37,(anonymous_2)
FN:38,(anonymous_3)
FN:39,(anonymous_4)
FN:62,(anonymous_5)
FN:75,(anonymous_6)
FN:78,(anonymous_7)
FN:82,(anonymous_8)
FN:87,(anonymous_9)
FN:91,(anonymous_10)
FN:95,(anonymous_11)
FN:100,(anonymous_12)
FN:105,(anonymous_13)
FN:109,(anonymous_14)
FN:114,(anonymous_15)
FN:133,(anonymous_16)
FN:137,(anonymous_17)
FN:142,(anonymous_18)
FN:147,(anonymous_19)
FN:151,(anonymous_20)
FN:157,(anonymous_21)
FNF:22
FNH:0
FNDA:0,(anonymous_0)
FNDA:0,(anonymous_1)
FNDA:0,(anonymous_2)
FNDA:0,(anonymous_3)
FNDA:0,(anonymous_4)
FNDA:0,(anonymous_5)
FNDA:0,(anonymous_6)
FNDA:0,(anonymous_7)
FNDA:0,(anonymous_8)
FNDA:0,(anonymous_9)
FNDA:0,(anonymous_10)
FNDA:0,(anonymous_11)
FNDA:0,(anonymous_12)
FNDA:0,(anonymous_13)
FNDA:0,(anonymous_14)
FNDA:0,(anonymous_15)
FNDA:0,(anonymous_16)
FNDA:0,(anonymous_17)
FNDA:0,(anonymous_18)
FNDA:0,(anonymous_19)
FNDA:0,(anonymous_20)
FNDA:0,(anonymous_21)
DA:13,0
DA:25,0
DA:32,0
DA:38,0
DA:39,0
DA:40,0
DA:41,0
DA:42,0
DA:44,0
DA:48,0
DA:50,0
DA:52,0
DA:58,0
DA:60,0
DA:61,0
DA:62,0
DA:65,0
DA:68,0
DA:76,0
DA:79,0
DA:80,0
DA:83,0
DA:84,0
DA:85,0
DA:88,0
DA:89,0
DA:92,0
DA:93,0
DA:96,0
DA:97,0
DA:98,0
DA:101,0
DA:102,0
DA:106,0
DA:107,0
DA:110,0
DA:111,0
DA:112,0
DA:115,0
DA:116,0
DA:134,0
DA:135,0
DA:138,0
DA:139,0
DA:140,0
DA:143,0
DA:144,0
DA:148,0
DA:149,0
DA:152,0
DA:153,0
DA:154,0
DA:155,0
DA:158,0
DA:159,0
DA:178,0
LF:56
LH:0
BRDA:40,0,0,0
BRDA:40,0,1,0
BRDA:41,1,0,0
BRDA:41,1,1,0
BRDA:50,2,0,0
BRDA:50,2,1,0
BRDA:60,3,0,0
BRDA:60,3,1,0
BRF:8
BRH:0
end_of_record
TN:
SF:redux\slices\sportman.slices.js
FN:17,(anonymous_0)
FN:20,(anonymous_1)
FN:24,(anonymous_2)
FN:27,(anonymous_3)
FN:31,(anonymous_4)
FN:37,(anonymous_5)
FN:42,(anonymous_6)
FN:46,(anonymous_7)
FN:58,(anonymous_8)
FN:63,(anonymous_9)
FN:67,(anonymous_10)
FN:72,(anonymous_11)
FNF:12
FNH:0
FNDA:0,(anonymous_0)
FNDA:0,(anonymous_1)
FNDA:0,(anonymous_2)
FNDA:0,(anonymous_3)
FNDA:0,(anonymous_4)
FNDA:0,(anonymous_5)
FNDA:0,(anonymous_6)
FNDA:0,(anonymous_7)
FNDA:0,(anonymous_8)
FNDA:0,(anonymous_9)
FNDA:0,(anonymous_10)
FNDA:0,(anonymous_11)
DA:10,0
DA:18,0
DA:21,0
DA:25,0
DA:28,0
DA:29,0
DA:32,0
DA:33,0
DA:34,0
DA:35,0
DA:38,0
DA:39,0
DA:43,0
DA:44,0
DA:47,0
DA:48,0
DA:49,0
DA:50,0
DA:51,0
DA:53,0
DA:54,0
DA:56,0
DA:59,0
DA:60,0
DA:64,0
DA:65,0
DA:68,0
DA:69,0
DA:70,0
DA:73,0
DA:74,0
DA:79,0
LF:32
LH:0
BRDA:49,0,0,0
BRDA:49,0,1,0
BRF:2
BRH:0
end_of_record
TN:
SF:redux\slices\sports.slices.js
FN:13,(anonymous_0)
FN:20,(anonymous_1)
FN:23,(anonymous_2)
FN:27,(anonymous_3)
FN:32,(anonymous_4)
FN:37,(anonymous_5)
FN:41,(anonymous_6)
FN:46,(anonymous_7)
FN:51,(anonymous_8)
FN:55,(anonymous_9)
FN:60,(anonymous_10)
FNF:11
FNH:0
FNDA:0,(anonymous_0)
FNDA:0,(anonymous_1)
FNDA:0,(anonymous_2)
FNDA:0,(anonymous_3)
FNDA:0,(anonymous_4)
FNDA:0,(anonymous_5)
FNDA:0,(anonymous_6)
FNDA:0,(anonymous_7)
FNDA:0,(anonymous_8)
FNDA:0,(anonymous_9)
FNDA:0,(anonymous_10)
DA:4,0
DA:14,0
DA:21,0
DA:24,0
DA:25,0
DA:28,0
DA:29,0
DA:30,0
DA:33,0
DA:34,0
DA:38,0
DA:39,0
DA:42,0
DA:43,0
DA:44,0
DA:47,0
DA:48,0
DA:52,0
DA:53,0
DA:56,0
DA:57,0
DA:58,0
DA:61,0
DA:62,0
DA:67,0
LF:25
LH:0
BRF:0
BRH:0
end_of_record
TN:
SF:redux\slices\users.slices.js
FN:35,(anonymous_0)
FN:38,(anonymous_1)
FN:41,(anonymous_2)
FN:44,(anonymous_3)
FN:47,(anonymous_4)
FN:50,(anonymous_5)
FN:53,(anonymous_6)
FN:56,(anonymous_7)
FN:59,(anonymous_8)
FN:62,(anonymous_9)
FN:65,(anonymous_10)
FN:68,(anonymous_11)
FN:71,(anonymous_12)
FN:74,(anonymous_13)
FN:92,(anonymous_14)
FN:95,(anonymous_15)
FN:99,(anonymous_16)
FN:105,(anonymous_17)
FN:110,(anonymous_18)
FN:114,(anonymous_19)
FN:122,(anonymous_20)
FN:127,(anonymous_21)
FN:131,(anonymous_22)
FN:135,(anonymous_23)
FN:140,(anonymous_24)
FN:144,(anonymous_25)
FN:148,(anonymous_26)
FN:153,(anonymous_27)
FN:157,(anonymous_28)
FN:162,(anonymous_29)
FN:166,(anonymous_30)
FN:170,(anonymous_31)
FN:173,(anonymous_32)
FN:178,(anonymous_33)
FN:182,(anonymous_34)
FN:185,(anonymous_35)
FN:188,(anonymous_36)
FNF:37
FNH:0
FNDA:0,(anonymous_0)
FNDA:0,(anonymous_1)
FNDA:0,(anonymous_2)
FNDA:0,(anonymous_3)
FNDA:0,(anonymous_4)
FNDA:0,(anonymous_5)
FNDA:0,(anonymous_6)
FNDA:0,(anonymous_7)
FNDA:0,(anonymous_8)
FNDA:0,(anonymous_9)
FNDA:0,(anonymous_10)
FNDA:0,(anonymous_11)
FNDA:0,(anonymous_12)
FNDA:0,(anonymous_13)
FNDA:0,(anonymous_14)
FNDA:0,(anonymous_15)
FNDA:0,(anonymous_16)
FNDA:0,(anonymous_17)
FNDA:0,(anonymous_18)
FNDA:0,(anonymous_19)
FNDA:0,(anonymous_20)
FNDA:0,(anonymous_21)
FNDA:0,(anonymous_22)
FNDA:0,(anonymous_23)
FNDA:0,(anonymous_24)
FNDA:0,(anonymous_25)
FNDA:0,(anonymous_26)
FNDA:0,(anonymous_27)
FNDA:0,(anonymous_28)
FNDA:0,(anonymous_29)
FNDA:0,(anonymous_30)
FNDA:0,(anonymous_31)
FNDA:0,(anonymous_32)
FNDA:0,(anonymous_33)
FNDA:0,(anonymous_34)
FNDA:0,(anonymous_35)
FNDA:0,(anonymous_36)
DA:14,0
DA:36,0
DA:39,0
DA:42,0
DA:45,0
DA:48,0
DA:51,0
DA:54,0
DA:57,0
DA:60,0
DA:63,0
DA:66,0
DA:69,0
DA:72,0
DA:75,0
DA:76,0
DA:77,0
DA:78,0
DA:79,0
DA:80,0
DA:81,0
DA:82,0
DA:83,0
DA:84,0
DA:85,0
DA:86,0
DA:87,0
DA:88,0
DA:89,0
DA:93,0
DA:96,0
DA:97,0
DA:100,0
DA:101,0
DA:102,0
DA:103,0
DA:106,0
DA:107,0
DA:111,0
DA:112,0
DA:115,0
DA:116,0
DA:117,0
DA:118,0
DA:119,0
DA:120,0
DA:123,0
DA:124,0
DA:128,0
DA:129,0
DA:132,0
DA:133,0
DA:136,0
DA:137,0
DA:141,0
DA:142,0
DA:145,0
DA:146,0
DA:149,0
DA:150,0
DA:154,0
DA:155,0
DA:158,0
DA:159,0
DA:160,0
DA:163,0
DA:164,0
DA:167,0
DA:168,0
DA:171,0
DA:174,0
DA:175,0
DA:179,0
DA:180,0
DA:183,0
DA:184,0
DA:185,0
DA:189,0
DA:190,0
DA:210,0
LF:80
LH:0
BRF:0
BRH:0
end_of_record
TN:
SF:screens\BuscarOfertasDeportvas.js
FN:5,(anonymous_0)
FNF:1
FNH:0
FNDA:0,(anonymous_0)
DA:5,0
DA:6,0
DA:11,0
LF:3
LH:0
BRF:0
BRH:0
end_of_record
TN:
SF:screens\ChatAbierto.js
FN:7,(anonymous_0)
FN:154,(anonymous_1)
FNF:2
FNH:0
FNDA:0,(anonymous_0)
FNDA:0,(anonymous_1)
DA:7,0
DA:8,0
DA:10,0
DA:154,0
DA:210,0
LF:5
LH:0
BRF:0
BRH:0
end_of_record
TN:
SF:screens\ChatAbierto1.js
FN:5,(anonymous_0)
FNF:1
FNH:0
FNDA:0,(anonymous_0)
DA:5,0
DA:6,0
LF:2
LH:0
BRF:0
BRH:0
end_of_record
TN:
SF:screens\ChatAbierto2.js
FN:50,(anonymous_0)
FN:55,(anonymous_1)
FN:65,(anonymous_2)
FN:77,(anonymous_3)
FN:84,(anonymous_4)
FN:93,(anonymous_5)
FN:99,(anonymous_6)
FN:103,(anonymous_7)
FN:107,(anonymous_8)
FN:115,(anonymous_9)
FN:117,(anonymous_10)
FN:121,(anonymous_11)
FN:123,(anonymous_12)
FN:149,(anonymous_13)
FN:157,(anonymous_14)
FN:165,(anonymous_15)
FN:197,(anonymous_16)
FN:210,(anonymous_17)
FN:271,(anonymous_18)
FN:324,(anonymous_19)
FN:331,(anonymous_20)
FN:351,(anonymous_21)
FN:382,(anonymous_22)
FN:390,(anonymous_23)
FN:416,(anonymous_24)
FN:445,(anonymous_25)
FN:486,(anonymous_26)
FN:537,(anonymous_27)
FN:554,(anonymous_28)
FN:601,(anonymous_29)
FN:629,(anonymous_30)
FN:640,(anonymous_31)
FNF:32
FNH:0
FNDA:0,(anonymous_0)
FNDA:0,(anonymous_1)
FNDA:0,(anonymous_2)
FNDA:0,(anonymous_3)
FNDA:0,(anonymous_4)
FNDA:0,(anonymous_5)
FNDA:0,(anonymous_6)
FNDA:0,(anonymous_7)
FNDA:0,(anonymous_8)
FNDA:0,(anonymous_9)
FNDA:0,(anonymous_10)
FNDA:0,(anonymous_11)
FNDA:0,(anonymous_12)
FNDA:0,(anonymous_13)
FNDA:0,(anonymous_14)
FNDA:0,(anonymous_15)
FNDA:0,(anonymous_16)
FNDA:0,(anonymous_17)
FNDA:0,(anonymous_18)
FNDA:0,(anonymous_19)
FNDA:0,(anonymous_20)
FNDA:0,(anonymous_21)
FNDA:0,(anonymous_22)
FNDA:0,(anonymous_23)
FNDA:0,(anonymous_24)
FNDA:0,(anonymous_25)
FNDA:0,(anonymous_26)
FNDA:0,(anonymous_27)
FNDA:0,(anonymous_28)
FNDA:0,(anonymous_29)
FNDA:0,(anonymous_30)
FNDA:0,(anonymous_31)
DA:50,0
DA:51,0
DA:52,0
DA:54,0
DA:55,0
DA:57,0
DA:58,0
DA:59,0
DA:60,0
DA:61,0
DA:62,0
DA:63,0
DA:64,0
DA:65,0
DA:66,0
DA:69,0
DA:70,0
DA:71,0
DA:72,0
DA:73,0
DA:74,0
DA:75,0
DA:77,0
DA:78,0
DA:79,0
DA:80,0
DA:84,0
DA:86,0
DA:87,0
DA:88,0
DA:89,0
DA:90,0
DA:93,0
DA:94,0
DA:95,0
DA:99,0
DA:100,0
DA:103,0
DA:104,0
DA:107,0
DA:108,0
DA:109,0
DA:110,0
DA:112,0
DA:115,0
DA:116,0
DA:118,0
DA:121,0
DA:122,0
DA:123,0
DA:127,0
DA:129,0
DA:130,0
DA:132,0
DA:133,0
DA:134,0
DA:136,0
DA:137,0
DA:139,0
DA:140,0
DA:145,0
DA:149,0
DA:151,0
DA:152,0
DA:158,0
DA:159,0
DA:160,0
DA:166,0
DA:168,0
DA:169,0
DA:171,0
DA:172,0
DA:176,0
DA:179,0
DA:181,0
DA:184,0
DA:185,0
DA:186,0
DA:187,0
DA:188,0
DA:189,0
DA:191,0
DA:194,0
DA:195,0
DA:196,0
DA:197,0
DA:200,0
DA:201,0
DA:205,0
DA:210,0
DA:211,0
DA:212,0
DA:213,0
DA:214,0
DA:271,0
DA:272,0
DA:321,0
DA:324,0
DA:325,0
DA:326,0
DA:331,0
DA:332,0
DA:338,0
DA:342,0
DA:343,0
DA:351,0
DA:382,0
DA:391,0
DA:392,0
DA:393,0
DA:397,0
DA:417,0
DA:418,0
DA:445,0
DA:486,0
DA:538,0
DA:555,0
DA:556,0
DA:560,0
DA:601,0
DA:630,0
DA:641,0
DA:645,0
DA:647,0
DA:757,0
LF:125
LH:0
BRDA:67,0,0,0
BRDA:67,0,1,0
BRDA:89,1,0,0
BRDA:89,1,1,0
BRDA:90,2,0,0
BRDA:90,2,1,0
BRDA:109,3,0,0
BRDA:109,3,1,0
BRDA:115,4,0,0
BRDA:118,5,0,0
BRDA:118,5,1,0
BRDA:121,6,0,0
BRDA:123,7,0,0
BRDA:123,7,1,0
BRDA:127,8,0,0
BRDA:127,8,1,0
BRDA:127,9,0,0
BRDA:127,9,1,0
BRDA:130,10,0,0
BRDA:130,10,1,0
BRDA:130,11,0,0
BRDA:130,11,1,0
BRDA:134,12,0,0
BRDA:134,12,1,0
BRDA:134,13,0,0
BRDA:134,13,1,0
BRDA:137,14,0,0
BRDA:137,14,1,0
BRDA:137,15,0,0
BRDA:137,15,1,0
BRDA:158,16,0,0
BRDA:158,16,1,0
BRDA:176,17,0,0
BRDA:176,17,1,0
BRDA:191,18,0,0
BRDA:191,18,1,0
BRDA:342,19,0,0
BRDA:342,19,1,0
BRDA:345,20,0,0
BRDA:345,20,1,0
BRDA:348,21,0,0
BRDA:348,21,1,0
BRDA:368,22,0,0
BRDA:368,22,1,0
BRDA:381,23,0,0
BRDA:381,23,1,0
BRDA:392,24,0,0
BRDA:392,24,1,0
BRDA:443,25,0,0
BRDA:443,25,1,0
BRDA:555,26,0,0
BRDA:555,26,1,0
BRDA:584,27,0,0
BRDA:584,27,1,0
BRDA:584,28,0,0
BRDA:584,28,1,0
BRDA:607,29,0,0
BRDA:607,29,1,0
BRDA:641,30,0,0
BRDA:641,30,1,0
BRDA:642,31,0,0
BRDA:642,31,1,0
BRDA:642,31,2,0
BRDA:642,31,3,0
BRDA:662,32,0,0
BRDA:662,32,1,0
BRDA:690,33,0,0
BRDA:690,33,1,0
BRDA:700,34,0,0
BRDA:700,34,1,0
BRDA:707,35,0,0
BRDA:707,35,1,0
BRF:72
BRH:0
end_of_record
TN:
SF:screens\ExplorarPersonaClubsFiltr.js
FN:7,(anonymous_0)
FN:113,(anonymous_1)
FN:143,(anonymous_2)
FNF:3
FNH:0
FNDA:0,(anonymous_0)
FNDA:0,(anonymous_1)
FNDA:0,(anonymous_2)
DA:7,0
DA:8,0
DA:10,0
DA:113,0
DA:143,0
DA:297,0
LF:6
LH:0
BRF:0
BRH:0
end_of_record
TN:
SF:screens\InscritosAMisOfertas.js
FN:28,(anonymous_0)
FN:31,(anonymous_1)
FN:32,(anonymous_2)
FN:46,(anonymous_3)
FN:50,(anonymous_4)
FN:56,(anonymous_5)
FN:57,(anonymous_6)
FN:64,(anonymous_7)
FN:65,(anonymous_8)
FN:66,(anonymous_9)
FN:92,(anonymous_10)
FN:152,(anonymous_11)
FN:156,(anonymous_12)
FN:163,(anonymous_13)
FN:169,(anonymous_14)
FN:221,(anonymous_15)
FN:229,(anonymous_16)
FN:239,(anonymous_17)
FN:264,(anonymous_18)
FN:287,(anonymous_19)
FN:296,(anonymous_20)
FN:301,(anonymous_21)
FN:322,(anonymous_22)
FN:326,(anonymous_23)
FN:366,(anonymous_24)
FN:369,(anonymous_25)
FN:373,(anonymous_26)
FN:400,(anonymous_27)
FN:420,(anonymous_28)
FN:422,(anonymous_29)
FN:432,(anonymous_30)
FN:435,(anonymous_31)
FN:469,(anonymous_32)
FN:478,(anonymous_33)
FN:484,(anonymous_34)
FNF:35
FNH:0
FNDA:0,(anonymous_0)
FNDA:0,(anonymous_1)
FNDA:0,(anonymous_2)
FNDA:0,(anonymous_3)
FNDA:0,(anonymous_4)
FNDA:0,(anonymous_5)
FNDA:0,(anonymous_6)
FNDA:0,(anonymous_7)
FNDA:0,(anonymous_8)
FNDA:0,(anonymous_9)
FNDA:0,(anonymous_10)
FNDA:0,(anonymous_11)
FNDA:0,(anonymous_12)
FNDA:0,(anonymous_13)
FNDA:0,(anonymous_14)
FNDA:0,(anonymous_15)
FNDA:0,(anonymous_16)
FNDA:0,(anonymous_17)
FNDA:0,(anonymous_18)
FNDA:0,(anonymous_19)
FNDA:0,(anonymous_20)
FNDA:0,(anonymous_21)
FNDA:0,(anonymous_22)
FNDA:0,(anonymous_23)
FNDA:0,(anonymous_24)
FNDA:0,(anonymous_25)
FNDA:0,(anonymous_26)
FNDA:0,(anonymous_27)
FNDA:0,(anonymous_28)
FNDA:0,(anonymous_29)
FNDA:0,(anonymous_30)
FNDA:0,(anonymous_31)
FNDA:0,(anonymous_32)
FNDA:0,(anonymous_33)
FNDA:0,(anonymous_34)
DA:28,0
DA:29,0
DA:30,0
DA:31,0
DA:32,0
DA:33,0
DA:34,0
DA:35,0
DA:36,0
DA:38,0
DA:39,0
DA:41,0
DA:42,0
DA:43,0
DA:44,0
DA:46,0
DA:47,0
DA:50,0
DA:51,0
DA:52,0
DA:56,0
DA:57,0
DA:58,0
DA:59,0
DA:62,0
DA:63,0
DA:64,0
DA:65,0
DA:66,0
DA:67,0
DA:68,0
DA:69,0
DA:71,0
DA:72,0
DA:73,0
DA:74,0
DA:79,0
DA:80,0
DA:82,0
DA:88,0
DA:92,0
DA:93,0
DA:95,0
DA:97,0
DA:99,0
DA:101,0
DA:103,0
DA:105,0
DA:109,0
DA:117,0
DA:118,0
DA:123,0
DA:152,0
DA:157,0
DA:164,0
DA:169,0
DA:172,0
DA:221,0
DA:229,0
DA:240,0
DA:265,0
DA:266,0
DA:287,0
DA:296,0
DA:301,0
DA:322,0
DA:326,0
DA:366,0
DA:370,0
DA:373,0
DA:400,0
DA:420,0
DA:422,0
DA:432,0
DA:436,0
DA:469,0
DA:478,0
DA:484,0
DA:493,0
LF:79
LH:0
BRDA:51,0,0,0
BRDA:51,0,1,0
BRDA:62,1,0,0
BRDA:62,1,1,0
BRDA:71,2,0,0
BRDA:71,2,1,0
BRDA:73,3,0,0
BRDA:73,3,1,0
BRDA:93,4,0,0
BRDA:93,4,1,0
BRDA:93,4,2,0
BRDA:93,4,3,0
BRDA:93,4,4,0
BRDA:93,4,5,0
BRDA:146,5,0,0
BRDA:146,5,1,0
BRDA:151,6,0,0
BRDA:151,6,1,0
BRDA:151,7,0,0
BRDA:151,7,1,0
BRDA:154,8,0,0
BRDA:154,8,1,0
BRDA:154,9,0,0
BRDA:154,9,1,0
BRDA:157,10,0,0
BRDA:157,10,1,0
BRDA:202,11,0,0
BRDA:202,11,1,0
BRDA:217,12,0,0
BRDA:217,12,1,0
BRDA:220,13,0,0
BRDA:220,13,1,0
BRDA:228,14,0,0
BRDA:228,14,1,0
BRDA:295,15,0,0
BRDA:295,15,1,0
BRDA:300,16,0,0
BRDA:300,16,1,0
BRDA:321,17,0,0
BRDA:321,17,1,0
BRDA:325,18,0,0
BRDA:325,18,1,0
BRDA:365,19,0,0
BRDA:365,19,1,0
BRDA:365,19,2,0
BRDA:365,19,3,0
BRDA:365,19,4,0
BRDA:365,19,5,0
BRDA:370,20,0,0
BRDA:370,20,1,0
BRDA:400,21,0,0
BRDA:400,21,1,0
BRDA:420,22,0,0
BRDA:420,22,1,0
BRDA:430,23,0,0
BRDA:430,23,1,0
BRDA:430,23,2,0
BRDA:430,23,3,0
BRDA:430,23,4,0
BRDA:430,23,5,0
BRDA:430,23,6,0
BRDA:436,24,0,0
BRDA:436,24,1,0
BRF:63
BRH:0
end_of_record
TN:
SF:screens\MonetizarOfertaPRO.js
FN:15,(anonymous_0)
FN:97,(anonymous_1)
FNF:2
FNH:0
FNDA:0,(anonymous_0)
FNDA:0,(anonymous_1)
DA:15,0
DA:16,0
DA:18,0
DA:98,0
DA:99,0
DA:157,0
LF:6
LH:0
BRF:0
BRH:0
end_of_record
TN:
SF:screens\NotificacinMatch.js
FN:15,(anonymous_0)
FN:19,(anonymous_1)
FN:20,(anonymous_2)
FN:22,(anonymous_3)
FN:51,(anonymous_4)
FN:59,(anonymous_5)
FN:81,(anonymous_6)
FNF:7
FNH:0
FNDA:0,(anonymous_0)
FNDA:0,(anonymous_1)
FNDA:0,(anonymous_2)
FNDA:0,(anonymous_3)
FNDA:0,(anonymous_4)
FNDA:0,(anonymous_5)
FNDA:0,(anonymous_6)
DA:15,0
DA:16,0
DA:17,0
DA:18,0
DA:19,0
DA:20,0
DA:22,0
DA:24,0
DA:52,0
DA:53,0
DA:54,0
DA:60,0
DA:62,0
DA:63,0
DA:64,0
DA:65,0
DA:67,0
DA:82,0
DA:84,0
DA:101,0
LF:20
LH:0
BRF:0
BRH:0
end_of_record
TN:
SF:screens\PerfilDatosPropioClub.js
FN:15,(anonymous_0)
FN:18,(anonymous_1)
FN:19,(anonymous_2)
FN:20,(anonymous_3)
FN:25,(anonymous_4)
FNF:5
FNH:0
FNDA:0,(anonymous_0)
FNDA:0,(anonymous_1)
FNDA:0,(anonymous_2)
FNDA:0,(anonymous_3)
FNDA:0,(anonymous_4)
DA:15,0
DA:16,0
DA:18,0
DA:19,0
DA:20,0
DA:21,0
DA:22,0
DA:24,0
DA:25,0
DA:26,0
DA:28,0
DA:72,0
LF:12
LH:0
BRDA:44,0,0,0
BRDA:44,0,1,0
BRDA:45,1,0,0
BRDA:45,1,1,0
BRDA:47,2,0,0
BRDA:47,2,1,0
BRDA:53,3,0,0
BRDA:53,3,1,0
BRF:8
BRH:0
end_of_record
TN:
SF:screens\PerfilFeedVisualitzaciJug.js
FN:28,(anonymous_0)
FN:34,(anonymous_1)
FN:41,(anonymous_2)
FN:50,(anonymous_3)
FN:51,(anonymous_4)
FN:63,(anonymous_5)
FN:67,(anonymous_6)
FN:283,(anonymous_7)
FNF:8
FNH:0
FNDA:0,(anonymous_0)
FNDA:0,(anonymous_1)
FNDA:0,(anonymous_2)
FNDA:0,(anonymous_3)
FNDA:0,(anonymous_4)
FNDA:0,(anonymous_5)
FNDA:0,(anonymous_6)
FNDA:0,(anonymous_7)
DA:28,0
DA:29,0
DA:30,0
DA:32,0
DA:33,0
DA:34,0
DA:35,0
DA:36,0
DA:37,0
DA:38,0
DA:39,0
DA:41,0
DA:42,0
DA:43,0
DA:44,0
DA:45,0
DA:46,0
DA:49,0
DA:50,0
DA:51,0
DA:52,0
DA:53,0
DA:54,0
DA:55,0
DA:56,0
DA:57,0
DA:58,0
DA:63,0
DA:64,0
DA:67,0
DA:68,0
DA:69,0
DA:72,0
DA:74,0
DA:284,0
DA:745,0
LF:36
LH:0
BRDA:45,0,0,0
BRDA:45,0,1,0
BRDA:57,1,0,0
BRDA:57,1,1,0
BRDA:69,2,0,0
BRDA:69,2,1,0
BRDA:72,3,0,0
BRDA:72,3,1,0
BRDA:76,4,0,0
BRDA:76,4,1,0
BRDA:76,5,0,0
BRDA:76,5,1,0
BRDA:84,6,0,0
BRDA:84,6,1,0
BRDA:86,7,0,0
BRDA:86,7,1,0
BRDA:91,8,0,0
BRDA:91,8,1,0
BRDA:93,9,0,0
BRDA:93,9,1,0
BRDA:98,10,0,0
BRDA:98,10,1,0
BRDA:106,11,0,0
BRDA:106,11,1,0
BRDA:111,12,0,0
BRDA:111,12,1,0
BRDA:115,13,0,0
BRDA:115,13,1,0
BRDA:119,14,0,0
BRDA:119,14,1,0
BRDA:122,15,0,0
BRDA:122,15,1,0
BRDA:127,16,0,0
BRDA:127,16,1,0
BRDA:132,17,0,0
BRDA:132,17,1,0
BRDA:159,18,0,0
BRDA:159,18,1,0
BRDA:179,19,0,0
BRDA:179,19,1,0
BRDA:203,20,0,0
BRDA:203,20,1,0
BRDA:220,21,0,0
BRDA:220,21,1,0
BRDA:244,22,0,0
BRDA:244,22,1,0
BRDA:261,23,0,0
BRDA:261,23,1,0
BRDA:282,24,0,0
BRDA:282,24,1,0
BRDA:308,25,0,0
BRDA:308,25,1,0
BRDA:322,26,0,0
BRDA:322,26,1,0
BRDA:499,27,0,0
BRDA:499,27,1,0
BRDA:513,28,0,0
BRDA:513,28,1,0
BRDA:530,29,0,0
BRDA:530,29,1,0
BRDA:547,30,0,0
BRDA:547,30,1,0
BRDA:563,31,0,0
BRDA:563,31,1,0
BRDA:578,32,0,0
BRDA:578,32,1,0
BRDA:607,33,0,0
BRDA:607,33,1,0
BRDA:643,34,0,0
BRDA:643,34,1,0
BRDA:691,35,0,0
BRDA:691,35,1,0
BRF:72
BRH:0
end_of_record
TN:
SF:screens\Premium.js
FN:7,(anonymous_0)
FN:93,(anonymous_1)
FNF:2
FNH:0
FNDA:0,(anonymous_0)
FNDA:0,(anonymous_1)
DA:7,0
DA:9,0
DA:11,0
DA:93,0
DA:106,0
LF:5
LH:0
BRF:0
BRH:0
end_of_record
TN:
SF:screens\ScreenInicio.js
FN:17,(anonymous_0)
FNF:1
FNH:0
FNDA:0,(anonymous_0)
DA:15,0
DA:17,0
DA:18,0
LF:3
LH:0
BRF:0
BRH:0
end_of_record
TN:
SF:screens\ScreenPrincipal.js
FN:69,(anonymous_0)
FNF:1
FNH:0
FNDA:0,(anonymous_0)
DA:67,0
DA:69,0
DA:70,0
LF:3
LH:0
BRF:0
BRH:0
end_of_record
TN:
SF:screens\SuscriptionChange.js
FN:10,(anonymous_0)
FN:44,(anonymous_1)
FNF:2
FNH:0
FNDA:0,(anonymous_0)
FNDA:0,(anonymous_1)
DA:10,0
DA:11,0
DA:12,0
DA:14,0
DA:16,0
DA:44,0
DA:57,0
LF:7
LH:0
BRDA:30,0,0,0
BRDA:30,0,1,0
BRDA:34,1,0,0
BRDA:34,1,1,0
BRDA:36,2,0,0
BRDA:36,2,1,0
BRF:6
BRH:0
end_of_record
TN:
SF:screens\TodasLasOfertas.js
FN:48,(anonymous_0)
FN:52,(anonymous_1)
FN:53,(anonymous_2)
FN:54,(anonymous_3)
FN:73,(anonymous_4)
FN:80,(anonymous_5)
FN:86,(anonymous_6)
FN:91,(anonymous_7)
FN:100,(anonymous_8)
FN:101,(anonymous_9)
FN:108,(anonymous_10)
FN:109,(anonymous_11)
FN:110,(anonymous_12)
FN:136,(anonymous_13)
FN:167,(anonymous_14)
FN:173,(anonymous_15)
FN:180,(anonymous_16)
FN:184,(anonymous_17)
FN:207,(anonymous_18)
FN:208,(anonymous_19)
[...]
BRDA:475,23,6,0
BRDA:475,23,7,0
BRDA:475,23,8,0
BRDA:487,24,0,0
BRDA:487,24,1,0
BRF:59
BRH:0
end_of_record
TN:
SF:screens\Perfil\EditarPerfil\club\HeaderPerfil.js
FN:37,(anonymous_0)
FN:59,(anonymous_1)
FN:64,(anonymous_2)
FN:65,(anonymous_3)
FN:67,(anonymous_4)
FN:69,(anonymous_5)
FN:74,(anonymous_6)
FN:75,(anonymous_7)
FN:82,(anonymous_8)
FN:89,(anonymous_9)
FN:91,(anonymous_10)
FN:95,(anonymous_11)
FN:99,(anonymous_12)
FN:113,(anonymous_13)
FN:123,(anonymous_14)
FN:129,(anonymous_15)
FN:130,(anonymous_16)
FN:143,(anonymous_17)
FN:150,(anonymous_18)
FN:157,(anonymous_19)
FN:164,(anonymous_20)
FN:175,(anonymous_21)
FN:198,(anonymous_22)
FN:211,(anonymous_23)
FN:244,(anonymous_24)
FN:431,(anonymous_25)
FN:439,(anonymous_26)
FN:451,(anonymous_27)
FN:543,(anonymous_28)
FN:552,(anonymous_29)
FN:615,(anonymous_30)
FN:619,(anonymous_31)
FN:628,(anonymous_32)
FN:666,(anonymous_33)
FN:713,(anonymous_34)
FN:723,(anonymous_35)
FN:741,(anonymous_36)
FN:794,(anonymous_37)
FN:931,(anonymous_38)
FN:950,(anonymous_39)
FN:1138,(anonymous_40)
FN:1214,(anonymous_41)
FN:1227,(anonymous_42)
FN:1264,(anonymous_43)
FN:1277,(anonymous_44)
FN:1287,(anonymous_45)
FN:1292,(anonymous_46)
FN:1310,(anonymous_47)
FNF:48
FNH:0
FNDA:0,(anonymous_0)
FNDA:0,(anonymous_1)
FNDA:0,(anonymous_2)
FNDA:0,(anonymous_3)
FNDA:0,(anonymous_4)
FNDA:0,(anonymous_5)
FNDA:0,(anonymous_6)
FNDA:0,(anonymous_7)
FNDA:0,(anonymous_8)
FNDA:0,(anonymous_9)
FNDA:0,(anonymous_10)
FNDA:0,(anonymous_11)
FNDA:0,(anonymous_12)
FNDA:0,(anonymous_13)
FNDA:0,(anonymous_14)
FNDA:0,(anonymous_15)
FNDA:0,(anonymous_16)
FNDA:0,(anonymous_17)
FNDA:0,(anonymous_18)
FNDA:0,(anonymous_19)
FNDA:0,(anonymous_20)
FNDA:0,(anonymous_21)
FNDA:0,(anonymous_22)
FNDA:0,(anonymous_23)
FNDA:0,(anonymous_24)
FNDA:0,(anonymous_25)
FNDA:0,(anonymous_26)
FNDA:0,(anonymous_27)
FNDA:0,(anonymous_28)
FNDA:0,(anonymous_29)
FNDA:0,(anonymous_30)
FNDA:0,(anonymous_31)
FNDA:0,(anonymous_32)
FNDA:0,(anonymous_33)
FNDA:0,(anonymous_34)
FNDA:0,(anonymous_35)
FNDA:0,(anonymous_36)
FNDA:0,(anonymous_37)
FNDA:0,(anonymous_38)
FNDA:0,(anonymous_39)
FNDA:0,(anonymous_40)
FNDA:0,(anonymous_41)
FNDA:0,(anonymous_42)
FNDA:0,(anonymous_43)
FNDA:0,(anonymous_44)
FNDA:0,(anonymous_45)
FNDA:0,(anonymous_46)
FNDA:0,(anonymous_47)
DA:37,0
DA:53,0
DA:54,0
DA:55,0
DA:56,0
DA:57,0
DA:58,0
DA:59,0
DA:61,0
DA:63,0
DA:64,0
DA:65,0
DA:66,0
DA:67,0
DA:68,0
DA:69,0
DA:74,0
DA:75,0
DA:79,0
DA:80,0
DA:81,0
DA:82,0
DA:83,0
DA:85,0
DA:87,0
DA:89,0
DA:90,0
DA:91,0
DA:92,0
DA:95,0
DA:96,0
DA:99,0
DA:100,0
DA:101,0
DA:102,0
DA:105,0
DA:106,0
DA:107,0
DA:113,0
DA:114,0
DA:116,0
DA:118,0
DA:120,0
DA:123,0
DA:124,0
DA:125,0
DA:130,0
DA:131,0
DA:132,0
DA:134,0
DA:135,0
DA:137,0
DA:143,0
DA:144,0
DA:145,0
DA:146,0
DA:150,0
DA:151,0
DA:153,0
DA:154,0
DA:155,0
DA:158,0
DA:159,0
DA:162,0
DA:165,0
DA:166,0
DA:167,0
DA:171,0
DA:173,0
DA:175,0
DA:176,0
DA:198,0
DA:211,0
DA:228,0
DA:245,0
DA:432,0
DA:434,0
DA:436,0
DA:437,0
DA:440,0
DA:442,0
DA:444,0
DA:447,0
DA:452,0
DA:454,0
DA:456,0
DA:543,0
DA:553,0
DA:554,0
DA:556,0
DA:615,0
DA:620,0
DA:621,0
DA:622,0
DA:629,0
DA:630,0
DA:649,0
DA:666,0
DA:714,0
DA:715,0
DA:719,0
DA:724,0
DA:742,0
DA:795,0
DA:801,0
DA:932,0
DA:933,0
DA:951,0
DA:1138,0
DA:1214,0
DA:1227,0
DA:1264,0
DA:1277,0
DA:1287,0
DA:1292,0
DA:1310,0
DA:1320,0
LF:117
LH:0
BRDA:68,0,0,0
BRDA:68,0,1,0
BRDA:69,1,0,0
BRDA:69,1,1,0
BRDA:75,2,0,0
BRDA:75,2,1,0
BRDA:100,3,0,0
BRDA:100,3,1,0
BRDA:101,4,0,0
BRDA:101,4,1,0
BRDA:105,5,0,0
BRDA:105,5,1,0
BRDA:106,6,0,0
BRDA:106,6,1,0
BRDA:145,7,0,0
BRDA:145,7,1,0
BRDA:151,8,0,0
BRDA:151,8,1,0
BRDA:154,9,0,0
BRDA:154,9,1,0
BRDA:173,10,0,0
BRDA:173,10,1,0
BRDA:187,11,0,0
BRDA:187,11,1,0
BRDA:231,12,0,0
BRDA:231,12,1,0
BRDA:231,13,0,0
BRDA:231,13,1,0
BRDA:288,14,0,0
BRDA:288,14,1,0
BRDA:302,15,0,0
BRDA:302,15,1,0
BRDA:302,16,0,0
BRDA:302,16,1,0
BRDA:324,17,0,0
BRDA:324,17,1,0
BRDA:365,18,0,0
BRDA:365,18,1,0
BRDA:373,19,0,0
BRDA:373,19,1,0
BRDA:375,20,0,0
BRDA:375,20,1,0
BRDA:380,21,0,0
BRDA:380,21,1,0
BRDA:393,22,0,0
BRDA:393,22,1,0
BRDA:406,23,0,0
BRDA:406,23,1,0
BRDA:406,24,0,0
BRDA:406,24,1,0
BRDA:413,25,0,0
BRDA:413,25,1,0
BRDA:427,26,0,0
BRDA:427,26,1,0
BRDA:427,27,0,0
BRDA:427,27,1,0
BRDA:429,28,0,0
BRDA:429,28,1,0
BRDA:432,29,0,0
BRDA:432,29,1,0
BRDA:436,30,0,0
BRDA:436,30,1,0
BRDA:471,31,0,0
BRDA:471,31,1,0
BRDA:546,32,0,0
BRDA:546,32,1,0
BRDA:550,33,0,0
BRDA:550,33,1,0
BRDA:550,33,2,0
BRDA:554,34,0,0
BRDA:554,34,1,0
BRDA:560,35,0,0
BRDA:560,35,1,0
BRDA:570,36,0,0
BRDA:570,36,1,0
BRDA:613,37,0,0
BRDA:613,37,1,0
BRDA:613,38,0,0
BRDA:613,38,1,0
BRDA:712,39,0,0
BRDA:712,39,1,0
BRDA:712,40,0,0
BRDA:712,40,1,0
BRDA:715,41,0,0
BRDA:715,41,1,0
BRDA:716,42,0,0
BRDA:716,42,1,0
BRDA:729,43,0,0
BRDA:729,43,1,0
BRDA:739,44,0,0
BRDA:739,44,1,0
BRDA:739,44,2,0
BRDA:742,45,0,0
BRDA:742,45,1,0
BRDA:791,46,0,0
BRDA:791,46,1,0
BRDA:791,46,2,0
BRDA:805,47,0,0
BRDA:805,47,1,0
BRDA:828,48,0,0
BRDA:828,48,1,0
BRDA:828,48,2,0
BRDA:927,49,0,0
BRDA:927,49,1,0
BRDA:932,50,0,0
BRDA:932,50,1,0
BRDA:971,51,0,0
BRDA:971,51,1,0
BRDA:971,51,2,0
BRDA:993,52,0,0
BRDA:993,52,1,0
BRDA:997,53,0,0
BRDA:997,53,1,0
BRDA:997,53,2,0
BRDA:1032,54,0,0
BRDA:1032,54,1,0
BRDA:1038,55,0,0
BRDA:1038,55,1,0
BRDA:1038,55,2,0
BRDA:1185,56,0,0
BRDA:1185,56,1,0
BRDA:1185,56,2,0
BRDA:1211,57,0,0
BRDA:1211,57,1,0
BRDA:1224,58,0,0
BRDA:1224,58,1,0
BRDA:1235,59,0,0
BRDA:1235,59,1,0
BRDA:1235,59,2,0
BRDA:1261,60,0,0
BRDA:1261,60,1,0
BRDA:1274,61,0,0
BRDA:1274,61,1,0
BRF:133
BRH:0
end_of_record
TN:
SF:screens\Perfil\EditarPerfil\jugador\DetallesUsuario.js
FN:16,(anonymous_0)
FNF:1
FNH:0
FNDA:0,(anonymous_0)
DA:16,0
DA:17,0
DA:18,0
DA:20,0
DA:61,0
LF:5
LH:0
BRF:0
BRH:0
end_of_record
TN:
SF:screens\Perfil\EditarPerfil\jugador\EditarSkills.js
FN:10,(anonymous_0)
FNF:1
FNH:0
FNDA:0,(anonymous_0)
DA:10,0
DA:11,0
DA:12,0
DA:14,0
DA:24,0
LF:5
LH:0
BRF:0
BRH:0
end_of_record
TN:
SF:screens\Perfil\EditarPerfil\jugador\PlayerDetails.js
FN:32,(anonymous_0)
FN:34,(anonymous_1)
FN:81,(anonymous_2)
FN:83,(anonymous_3)
FN:106,(anonymous_4)
FN:130,(anonymous_5)
FN:137,(anonymous_6)
FN:152,(anonymous_7)
FN:171,(anonymous_8)
FN:175,(anonymous_9)
FN:181,(anonymous_10)
FN:182,(anonymous_11)
FN:184,(anonymous_12)
FN:188,(anonymous_13)
FN:190,(anonymous_14)
FN:251,(anonymous_15)
FN:275,(anonymous_16)
FN:313,(anonymous_17)
FN:338,(anonymous_18)
FN:367,(anonymous_19)
FN:394,(anonymous_20)
FN:438,(anonymous_21)
FN:462,(anonymous_22)
FN:471,(anonymous_23)
FN:553,(anonymous_24)
FN:554,(anonymous_25)
FN:562,(anonymous_26)
FN:583,(anonymous_27)
FN:596,(anonymous_28)
FNF:29
FNH:0
FNDA:0,(anonymous_0)
FNDA:0,(anonymous_1)
FNDA:0,(anonymous_2)
FNDA:0,(anonymous_3)
FNDA:0,(anonymous_4)
FNDA:0,(anonymous_5)
FNDA:0,(anonymous_6)
FNDA:0,(anonymous_7)
FNDA:0,(anonymous_8)
FNDA:0,(anonymous_9)
FNDA:0,(anonymous_10)
FNDA:0,(anonymous_11)
FNDA:0,(anonymous_12)
FNDA:0,(anonymous_13)
FNDA:0,(anonymous_14)
FNDA:0,(anonymous_15)
FNDA:0,(anonymous_16)
FNDA:0,(anonymous_17)
FNDA:0,(anonymous_18)
FNDA:0,(anonymous_19)
FNDA:0,(anonymous_20)
FNDA:0,(anonymous_21)
FNDA:0,(anonymous_22)
FNDA:0,(anonymous_23)
FNDA:0,(anonymous_24)
FNDA:0,(anonymous_25)
FNDA:0,(anonymous_26)
FNDA:0,(anonymous_27)
FNDA:0,(anonymous_28)
DA:32,0
DA:33,0
DA:34,0
DA:35,0
DA:36,0
DA:37,0
DA:38,0
DA:39,0
DA:40,0
DA:41,0
DA:42,0
DA:44,0
DA:47,0
DA:50,0
DA:51,0
DA:53,0
DA:80,0
DA:81,0
DA:83,0
DA:84,0
DA:85,0
DA:106,0
DA:107,0
DA:117,0
DA:119,0
DA:130,0
DA:131,0
DA:132,0
DA:134,0
DA:136,0
DA:137,0
DA:139,0
DA:140,0
DA:141,0
DA:144,0
DA:145,0
DA:146,0
DA:147,0
DA:149,0
DA:150,0
DA:152,0
DA:153,0
DA:154,0
DA:156,0
DA:157,0
DA:159,0
DA:160,0
DA:162,0
DA:163,0
DA:165,0
DA:166,0
DA:168,0
DA:169,0
DA:171,0
DA:172,0
DA:173,0
DA:175,0
DA:176,0
DA:177,0
DA:181,0
DA:182,0
DA:184,0
DA:185,0
DA:188,0
DA:190,0
DA:191,0
DA:193,0
DA:196,0
DA:197,0
DA:199,0
DA:200,0
DA:204,0
DA:205,0
DA:252,0
DA:253,0
DA:275,0
DA:314,0
DA:315,0
DA:338,0
DA:367,0
DA:394,0
DA:438,0
DA:462,0
DA:472,0
DA:553,0
DA:554,0
DA:563,0
DA:564,0
DA:566,0
DA:572,0
DA:583,0
DA:596,0
DA:650,0
LF:93
LH:0
BRDA:38,0,0,0
BRDA:38,0,1,0
BRDA:40,1,0,0
BRDA:40,1,1,0
BRDA:41,2,0,0
BRDA:41,2,1,0
BRDA:42,3,0,0
BRDA:42,3,1,0
BRDA:45,4,0,0
BRDA:45,4,1,0
BRDA:48,5,0,0
BRDA:48,5,1,0
BRDA:99,6,0,0
BRDA:99,6,1,0
BRDA:107,7,0,0
BRDA:107,7,1,0
BRDA:108,8,0,0
BRDA:108,8,1,0
BRDA:108,8,2,0
BRDA:108,8,3,0
BRDA:108,8,4,0
BRDA:108,8,5,0
BRDA:108,8,6,0
BRDA:108,8,7,0
BRDA:131,9,0,0
BRDA:131,9,1,0
BRDA:153,10,0,0
BRDA:153,10,1,0
BRDA:156,11,0,0
BRDA:156,11,1,0
BRDA:159,12,0,0
BRDA:159,12,1,0
BRDA:162,13,0,0
BRDA:162,13,1,0
BRDA:165,14,0,0
BRDA:165,14,1,0
BRDA:168,15,0,0
BRDA:168,15,1,0
BRDA:182,16,0,0
BRDA:182,16,1,0
BRDA:191,17,0,0
BRDA:191,17,1,0
BRDA:194,18,0,0
BRDA:194,18,1,0
BRDA:204,19,0,0
BRDA:204,19,1,0
BRDA:228,20,0,0
BRDA:228,20,1,0
BRDA:228,21,0,0
BRDA:228,21,1,0
BRDA:237,22,0,0
BRDA:237,22,1,0
BRDA:294,23,0,0
BRDA:294,23,1,0
BRDA:294,24,0,0
BRDA:294,24,1,0
BRDA:299,25,0,0
BRDA:299,25,1,0
BRDA:383,26,0,0
BRDA:383,26,1,0
BRDA:410,27,0,0
BRDA:410,27,1,0
BRDA:465,28,0,0
BRDA:465,28,1,0
BRDA:465,28,2,0
BRDA:479,29,0,0
BRDA:479,29,1,0
BRDA:480,30,0,0
BRDA:480,30,1,0
BRDA:485,31,0,0
BRDA:485,31,1,0
BRDA:492,32,0,0
BRDA:492,32,1,0
BRDA:493,33,0,0
BRDA:493,33,1,0
BRDA:494,34,0,0
BRDA:494,34,1,0
BRDA:496,35,0,0
BRDA:496,35,1,0
BRF:79
BRH:0
end_of_record
TN:
SF:screens\Perfil\EditarPerfil\profesional\ProDetails.js
FN:29,(anonymous_0)
FN:31,(anonymous_1)
FN:56,(anonymous_2)
FN:111,(anonymous_3)
FN:122,(anonymous_4)
FN:129,(anonymous_5)
FN:136,(anonymous_6)
FN:137,(anonymous_7)
FN:141,(anonymous_8)
FN:147,(anonymous_9)
FN:148,(anonymous_10)
FN:167,(anonymous_11)
FN:189,(anonymous_12)
FN:196,(anonymous_13)
FN:207,(anonymous_14)
FN:306,(anonymous_15)
FN:331,(anonymous_16)
FN:369,(anonymous_17)
FN:394,(anonymous_18)
FN:421,(anonymous_19)
FN:449,(anonymous_20)
FN:485,(anonymous_21)
FN:574,(anonymous_22)
FN:575,(anonymous_23)
FN:583,(anonymous_24)
FN:608,(anonymous_25)
FN:621,(anonymous_26)
FNF:27
FNH:0
FNDA:0,(anonymous_0)
FNDA:0,(anonymous_1)
FNDA:0,(anonymous_2)
FNDA:0,(anonymous_3)
FNDA:0,(anonymous_4)
FNDA:0,(anonymous_5)
FNDA:0,(anonymous_6)
FNDA:0,(anonymous_7)
FNDA:0,(anonymous_8)
FNDA:0,(anonymous_9)
FNDA:0,(anonymous_10)
FNDA:0,(anonymous_11)
FNDA:0,(anonymous_12)
FNDA:0,(anonymous_13)
FNDA:0,(anonymous_14)
FNDA:0,(anonymous_15)
FNDA:0,(anonymous_16)
FNDA:0,(anonymous_17)
FNDA:0,(anonymous_18)
FNDA:0,(anonymous_19)
FNDA:0,(anonymous_20)
FNDA:0,(anonymous_21)
FNDA:0,(anonymous_22)
FNDA:0,(anonymous_23)
FNDA:0,(anonymous_24)
FNDA:0,(anonymous_25)
FNDA:0,(anonymous_26)
DA:29,0
DA:30,0
DA:31,0
DA:32,0
DA:33,0
DA:34,0
DA:37,0
DA:38,0
DA:39,0
DA:40,0
DA:41,0
DA:42,0
DA:55,0
DA:56,0
DA:58,0
DA:60,0
DA:61,0
DA:62,0
DA:63,0
DA:64,0
DA:65,0
DA:66,0
DA:67,0
DA:68,0
DA:69,0
DA:71,0
DA:111,0
DA:112,0
DA:122,0
DA:123,0
DA:124,0
DA:126,0
DA:128,0
DA:129,0
DA:131,0
DA:132,0
DA:133,0
DA:136,0
DA:137,0
DA:138,0
DA:139,0
DA:141,0
DA:142,0
DA:143,0
DA:147,0
DA:148,0
DA:151,0
DA:167,0
DA:168,0
DA:170,0
DA:173,0
DA:175,0
DA:176,0
DA:181,0
DA:182,0
DA:189,0
DA:196,0
DA:207,0
DA:307,0
DA:308,0
DA:331,0
DA:370,0
DA:371,0
DA:394,0
DA:421,0
DA:449,0
DA:486,0
DA:574,0
DA:575,0
DA:584,0
DA:585,0
DA:587,0
DA:593,0
DA:608,0
DA:621,0
DA:675,0
LF:76
LH:0
BRDA:41,0,0,0
BRDA:41,0,1,0
BRDA:76,1,0,0
BRDA:76,1,1,0
BRDA:76,2,0,0
BRDA:76,2,1,0
BRDA:88,3,0,0
BRDA:88,3,1,0
BRDA:88,4,0,0
BRDA:88,4,1,0
BRDA:100,5,0,0
BRDA:100,5,1,0
BRDA:100,6,0,0
BRDA:100,6,1,0
BRDA:123,7,0,0
BRDA:123,7,1,0
BRDA:148,8,0,0
BRDA:148,8,1,0
BRDA:168,9,0,0
BRDA:168,9,1,0
BRDA:171,10,0,0
BRDA:171,10,1,0
BRDA:181,11,0,0
BRDA:181,11,1,0
BRDA:184,12,0,0
BRDA:184,12,1,0
BRDA:290,13,0,0
BRDA:290,13,1,0
BRDA:290,14,0,0
BRDA:290,14,1,0
BRDA:299,15,0,0
BRDA:299,15,1,0
BRDA:350,16,0,0
BRDA:350,16,1,0
BRDA:350,16,2,0
BRDA:359,17,0,0
BRDA:359,17,1,0
BRDA:440,18,0,0
BRDA:440,18,1,0
BRDA:493,19,0,0
BRDA:493,19,1,0
BRDA:494,20,0,0
BRDA:494,20,1,0
BRDA:498,21,0,0
BRDA:498,21,1,0
BRDA:505,22,0,0
BRDA:505,22,1,0
BRDA:506,23,0,0
BRDA:506,23,1,0
BRDA:507,24,0,0
BRDA:507,24,1,0
BRDA:509,25,0,0
BRDA:509,25,1,0
BRDA:532,26,0,0
BRDA:532,26,1,0
BRDA:532,26,2,0
BRDA:532,26,3,0
BRDA:532,26,4,0
BRDA:532,26,5,0
BRDA:532,26,6,0
BRF:60
BRH:0
end_of_record
TN:
SF:screens\Perfil\Suscription\MiSuscripcin.js
FN:32,(anonymous_0)
FN:59,(anonymous_1)
FN:65,(anonymous_2)
FN:66,(anonymous_3)
FN:95,(anonymous_4)
FN:96,(anonymous_5)
FN:97,(anonymous_6)
FN:122,(anonymous_7)
FN:139,(anonymous_8)
FN:140,(anonymous_9)
FN:146,(anonymous_10)
FN:182,(anonymous_11)
FN:183,(anonymous_12)
FN:184,(anonymous_13)
FN:224,(anonymous_14)
FN:237,(anonymous_15)
FN:270,(anonymous_16)
FNF:17
FNH:0
FNDA:0,(anonymous_0)
FNDA:0,(anonymous_1)
FNDA:0,(anonymous_2)
FNDA:0,(anonymous_3)
FNDA:0,(anonymous_4)
FNDA:0,(anonymous_5)
FNDA:0,(anonymous_6)
FNDA:0,(anonymous_7)
FNDA:0,(anonymous_8)
FNDA:0,(anonymous_9)
FNDA:0,(anonymous_10)
FNDA:0,(anonymous_11)
FNDA:0,(anonymous_12)
FNDA:0,(anonymous_13)
FNDA:0,(anonymous_14)
FNDA:0,(anonymous_15)
FNDA:0,(anonymous_16)
DA:32,0
DA:33,0
DA:34,0
DA:35,0
DA:36,0
DA:37,0
DA:38,0
DA:40,0
DA:42,0
DA:44,0
DA:59,0
DA:61,0
DA:63,0
DA:65,0
DA:66,0
DA:67,0
DA:68,0
DA:75,0
DA:77,0
DA:79,0
DA:80,0
DA:81,0
DA:83,0
DA:84,0
DA:96,0
DA:97,0
DA:98,0
DA:101,0
DA:103,0
DA:110,0
DA:117,0
DA:118,0
DA:122,0
DA:123,0
DA:125,0
DA:127,0
DA:129,0
DA:131,0
DA:133,0
DA:135,0
DA:139,0
DA:140,0
DA:141,0
DA:142,0
DA:145,0
DA:146,0
DA:147,0
DA:148,0
DA:149,0
DA:150,0
DA:152,0
DA:153,0
DA:154,0
DA:155,0
DA:156,0
DA:158,0
DA:163,0
DA:164,0
DA:166,0
DA:172,0
DA:175,0
DA:176,0
DA:180,0
DA:181,0
DA:182,0
DA:183,0
DA:184,0
DA:185,0
DA:186,0
DA:187,0
DA:189,0
DA:190,0
DA:191,0
DA:192,0
DA:197,0
DA:198,0
DA:200,0
DA:206,0
DA:210,0
DA:218,0
DA:219,0
DA:224,0
DA:225,0
DA:226,0
DA:229,0
DA:230,0
DA:231,0
DA:232,0
DA:238,0
DA:245,0
DA:247,0
DA:250,0
DA:254,0
DA:271,0
DA:272,0
DA:430,0
LF:96
LH:0
BRDA:75,0,0,0
BRDA:75,0,1,0
BRDA:80,1,0,0
BRDA:80,1,1,0
BRDA:89,2,0,0
BRDA:89,2,1,0
BRDA:117,3,0,0
BRDA:117,3,1,0
BRDA:123,4,0,0
BRDA:123,4,1,0
BRDA:123,4,2,0
BRDA:123,4,3,0
BRDA:123,4,4,0
BRDA:123,4,5,0
BRDA:145,5,0,0
BRDA:145,5,1,0
BRDA:152,6,0,0
BRDA:152,6,1,0
BRDA:155,7,0,0
BRDA:155,7,1,0
BRDA:180,8,0,0
BRDA:180,8,1,0
BRDA:189,9,0,0
BRDA:189,9,1,0
BRDA:191,10,0,0
BRDA:191,10,1,0
BRDA:230,11,0,0
BRDA:230,11,1,0
BRDA:269,12,0,0
BRDA:269,12,1,0
BRDA:271,13,0,0
BRDA:271,13,1,0
BRDA:301,14,0,0
BRDA:301,14,1,0
BRDA:312,15,0,0
BRDA:312,15,1,0
BRDA:320,16,0,0
BRDA:320,16,1,0
BRDA:320,17,0,0
BRDA:320,17,1,0
BRDA:322,18,0,0
BRDA:322,18,1,0
BRDA:330,19,0,0
BRDA:330,19,1,0
BRDA:330,19,2,0
BRDA:333,20,0,0
BRDA:333,20,1,0
BRDA:333,20,2,0
BRDA:337,21,0,0
BRDA:337,21,1,0
BRDA:337,21,2,0
BRDA:350,22,0,0
BRDA:350,22,1,0
BRDA:350,22,2,0
BRDA:373,23,0,0
BRDA:373,23,1,0
BRDA:391,24,0,0
BRDA:391,24,1,0
BRDA:391,24,2,0
BRDA:395,25,0,0
BRDA:395,25,1,0
BRDA:395,25,2,0
BRDA:398,26,0,0
BRDA:398,26,1,0
BRDA:398,26,2,0
BRDA:402,27,0,0
BRDA:402,27,1,0
BRDA:402,27,2,0
BRDA:409,28,0,0
BRDA:409,28,1,0
BRDA:409,28,2,0
BRDA:416,29,0,0
BRDA:416,29,1,0
BRDA:416,29,2,0
BRF:74
BRH:0
end_of_record
TN:
SF:screens\Perfil\Suscription\Suscription.js
FN:5,SubscribeView
FN:8,(anonymous_1)
FN:9,(anonymous_2)
FN:29,(anonymous_3)
FNF:4
FNH:0
FNDA:0,SubscribeView
FNDA:0,(anonymous_1)
FNDA:0,(anonymous_2)
FNDA:0,(anonymous_3)
DA:6,0
DA:8,0
DA:9,0
DA:10,0
DA:17,0
DA:22,0
DA:25,0
DA:30,0
DA:31,0
DA:32,0
DA:34,0
LF:11
LH:0
BRDA:17,0,0,0
BRDA:17,0,1,0
BRDA:31,1,0,0
BRDA:31,1,1,0
BRDA:32,2,0,0
BRDA:32,2,1,0
BRDA:34,3,0,0
BRDA:34,3,1,0
BRF:8
BRH:0
end_of_record
TN:
SF:screens\Perfil\Suscription\testchat.js
FN:35,(anonymous_0)
FN:44,(anonymous_1)
FN:45,(anonymous_2)
FN:51,(anonymous_3)
FN:56,(anonymous_4)
FN:58,(anonymous_5)
FN:61,(anonymous_6)
FN:69,(anonymous_7)
FN:75,(anonymous_8)
FN:78,(anonymous_9)
FN:82,(anonymous_10)
FN:91,(anonymous_11)
FN:95,(anonymous_12)
FN:98,(anonymous_13)
FN:102,(anonymous_14)
FN:112,(anonymous_15)
FN:120,(anonymous_16)
FN:144,(anonymous_17)
FN:176,(anonymous_18)
FN:213,(anonymous_19)
FN:239,(anonymous_20)
FN:262,(anonymous_21)
FN:303,(anonymous_22)
FN:354,(anonymous_23)
FN:371,(anonymous_24)
FN:405,(anonymous_25)
FN:425,(anonymous_26)
FN:439,(anonymous_27)
FNF:28
FNH:0
FNDA:0,(anonymous_0)
FNDA:0,(anonymous_1)
FNDA:0,(anonymous_2)
FNDA:0,(anonymous_3)
FNDA:0,(anonymous_4)
FNDA:0,(anonymous_5)
FNDA:0,(anonymous_6)
FNDA:0,(anonymous_7)
FNDA:0,(anonymous_8)
FNDA:0,(anonymous_9)
FNDA:0,(anonymous_10)
FNDA:0,(anonymous_11)
FNDA:0,(anonymous_12)
FNDA:0,(anonymous_13)
FNDA:0,(anonymous_14)
FNDA:0,(anonymous_15)
FNDA:0,(anonymous_16)
FNDA:0,(anonymous_17)
FNDA:0,(anonymous_18)
FNDA:0,(anonymous_19)
FNDA:0,(anonymous_20)
FNDA:0,(anonymous_21)
FNDA:0,(anonymous_22)
FNDA:0,(anonymous_23)
FNDA:0,(anonymous_24)
FNDA:0,(anonymous_25)
FNDA:0,(anonymous_26)
FNDA:0,(anonymous_27)
DA:35,0
DA:36,0
DA:37,0
DA:38,0
DA:39,0
DA:40,0
DA:42,0
DA:43,0
DA:44,0
DA:45,0
DA:46,0
DA:47,0
DA:48,0
DA:49,0
DA:51,0
DA:52,0
DA:53,0
DA:56,0
DA:57,0
DA:58,0
DA:61,0
DA:62,0
DA:63,0
DA:69,0
DA:70,0
DA:71,0
DA:75,0
DA:76,0
DA:77,0
DA:79,0
DA:82,0
DA:83,0
DA:84,0
DA:89,0
DA:91,0
DA:92,0
DA:93,0
DA:95,0
DA:97,0
DA:98,0
DA:101,0
DA:102,0
DA:104,0
DA:106,0
DA:113,0
DA:121,0
DA:122,0
DA:138,0
DA:139,0
DA:141,0
DA:144,0
DA:145,0
DA:146,0
DA:152,0
DA:155,0
DA:156,0
DA:176,0
DA:214,0
DA:215,0
DA:216,0
DA:220,0
DA:240,0
DA:241,0
DA:262,0
DA:303,0
DA:355,0
DA:372,0
DA:373,0
DA:377,0
DA:405,0
DA:426,0
DA:440,0
DA:497,0
LF:73
LH:0
BRDA:76,0,0,0
BRDA:76,0,1,0
BRDA:76,1,0,0
BRDA:76,1,1,0
BRDA:79,2,0,0
BRDA:79,2,1,0
BRDA:89,3,0,0
BRDA:89,3,1,0
BRDA:95,4,0,0
BRDA:95,4,1,0
BRDA:97,5,0,0
BRDA:97,5,1,0
BRDA:101,6,0,0
BRDA:101,6,1,0
BRDA:121,7,0,0
BRDA:121,7,1,0
BRDA:155,8,0,0
BRDA:155,8,1,0
BRDA:170,9,0,0
BRDA:170,9,1,0
BRDA:173,10,0,0
BRDA:173,10,1,0
BRDA:193,11,0,0
BRDA:193,11,1,0
BRDA:206,12,0,0
BRDA:206,12,1,0
BRDA:215,13,0,0
BRDA:215,13,1,0
BRDA:260,14,0,0
BRDA:260,14,1,0
BRDA:372,15,0,0
BRDA:372,15,1,0
BRDA:473,16,0,0
BRDA:473,16,1,0
BRDA:486,17,0,0
BRDA:486,17,1,0
BRF:36
BRH:0
end_of_record
TN:
SF:utils\HomeGif.js
FN:4,(anonymous_0)
FNF:1
FNH:0
FNDA:0,(anonymous_0)
DA:4,0
DA:5,0
DA:7,0
DA:32,0
LF:4
LH:0
BRF:0
BRH:0
end_of_record
TN:
SF:utils\SkillUserLocal.js
FNF:0
FNH:0
DA:1,0
DA:27,0
DA:96,0
DA:105,0
DA:114,0
LF:5
LH:0
BRF:0
BRH:0
end_of_record
TN:
SF:utils\allimagesMuro.js
FNF:0
FNH:0
DA:1,0
LF:1
LH:0
BRF:0
BRH:0
end_of_record
TN:
SF:utils\apiBackend.js
FN:10,(anonymous_0)
FN:19,(anonymous_1)
FNF:2
FNH:0
FNDA:0,(anonymous_0)
FNDA:0,(anonymous_1)
DA:4,0
DA:9,0
DA:12,0
DA:13,0
DA:15,0
DA:17,0
DA:20,0
LF:7
LH:0
BRDA:13,0,0,0
BRDA:13,0,1,0
BRF:2
BRH:0
end_of_record
TN:
SF:utils\cities.js
FNF:0
FNH:0
DA:1,0
LF:1
LH:0
BRF:0
BRH:0
end_of_record
TN:
SF:utils\colorUtils.js
FN:9,(anonymous_0)
FN:29,(anonymous_1)
FNF:2
FNH:0
FNDA:0,(anonymous_0)
FNDA:0,(anonymous_1)
DA:9,0
DA:11,0
DA:14,0
DA:15,0
DA:16,0
DA:19,0
DA:29,0
DA:30,0
LF:8
LH:0
BRF:0
BRH:0
end_of_record
TN:
SF:utils\imagesMuro.js
FNF:0
FNH:0
DA:1,0
LF:1
LH:0
BRF:0
BRH:0
end_of_record
TN:
SF:utils\pushService.js
FN:10,registerForPushNotificationsAsync
FNF:1
FNH:0
FNDA:0,registerForPushNotificationsAsync
DA:7,0
DA:12,0
DA:13,0
DA:14,0
DA:15,0
DA:17,0
DA:18,0
DA:19,0
DA:22,0
DA:23,0
DA:24,0
DA:26,0
DA:31,0
DA:33,0
DA:36,0
DA:37,0
DA:45,0
LF:17
LH:0
BRDA:7,0,0,0
BRDA:7,0,1,0
BRDA:13,1,0,0
BRDA:13,1,1,0
BRDA:17,2,0,0
BRDA:17,2,1,0
BRDA:22,3,0,0
BRDA:22,3,1,0
BRDA:36,4,0,0
BRDA:36,4,1,0
BRF:10
BRH:0
end_of_record
TN:
SF:utils\sum.js
FN:1,sum
FNF:1
FNH:0
FNDA:0,sum
DA:2,0
LF:1
LH:0
BRF:0
BRH:0
end_of_record
TN:
SF:utils\years.js
FNF:0
FNH:0
DA:1,0
LF:1
LH:0
BRF:0
BRH:0
end_of_record
TN:
SF:utils\CustomHooks\NavigationBack.js
FN:5,(anonymous_0)
FN:11,(anonymous_1)
FNF:2
FNH:0
FNDA:0,(anonymous_0)
FNDA:0,(anonymous_1)
DA:5,0
DA:6,0
DA:8,0
DA:11,0
LF:4
LH:0
BRDA:11,0,0,0
BRDA:11,0,1,0
BRF:2
BRH:0
end_of_record
TN:
SF:utils\handles\HandlerSportColor.js
FN:1,(anonymous_0)
FNF:1
FNH:0
FNDA:0,(anonymous_0)
DA:1,0
DA:5,0
DA:7,0
DA:8,0
DA:10,0
DA:11,0
DA:13,0
DA:14,0
DA:16,0
DA:17,0
DA:19,0
DA:20,0
DA:22,0
DA:23,0
DA:25,0
DA:26,0
DA:28,0
DA:31,0
LF:18
LH:0
BRDA:5,0,0,0
BRDA:5,0,1,0
BRDA:5,0,2,0
BRDA:5,0,3,0
BRDA:5,0,4,0
BRDA:5,0,5,0
BRDA:5,0,6,0
BRDA:5,0,7,0
BRF:8
BRH:0
end_of_record
